2020-07-02 08:10:19,327 INFO c.n.s.Application-logStarting [restartedMain] Starting Application on UC715467VW7JAV with PID 8400 (C:\Devenv\git\P7\SoftwareAcademy-P7\JavaDA_PROJECT7_RESTAPI\Poseiden-skeleton\target\classes started by S058601 in C:\Devenv\git\P7\SoftwareAcademy-P7\JavaDA_PROJECT7_RESTAPI\Poseiden-skeleton)
2020-07-02 08:10:19,358 INFO c.n.s.Application-logStartupProfileInfo [restartedMain] No active profile set, falling back to default profiles: default
2020-07-02 08:10:19,421 INFO o.s.b.d.r.ChangeableUrls-logTo [restartedMain] The Class-Path manifest attribute in C:\Users\s058601\.m2\repository\org\glassfish\jaxb\jaxb-runtime\2.3.2\jaxb-runtime-2.3.2.jar referenced one or more files that do not exist: file:/C:/Users/s058601/.m2/repository/org/glassfish/jaxb/jaxb-runtime/2.3.2/jakarta.xml.bind-api-2.3.2.jar,file:/C:/Users/s058601/.m2/repository/org/glassfish/jaxb/jaxb-runtime/2.3.2/txw2-2.3.2.jar,file:/C:/Users/s058601/.m2/repository/org/glassfish/jaxb/jaxb-runtime/2.3.2/istack-commons-runtime-3.0.8.jar,file:/C:/Users/s058601/.m2/repository/org/glassfish/jaxb/jaxb-runtime/2.3.2/stax-ex-1.8.1.jar,file:/C:/Users/s058601/.m2/repository/org/glassfish/jaxb/jaxb-runtime/2.3.2/FastInfoset-1.2.16.jar,file:/C:/Users/s058601/.m2/repository/org/glassfish/jaxb/jaxb-runtime/2.3.2/jakarta.activation-api-1.2.1.jar
2020-07-02 08:10:19,421 INFO o.s.b.d.e.DevToolsPropertyDefaultsPostProcessor-logTo [restartedMain] Devtools property defaults active! Set 'spring.devtools.add-properties' to 'false' to disable
2020-07-02 08:10:19,421 INFO o.s.b.d.e.DevToolsPropertyDefaultsPostProcessor-logTo [restartedMain] For additional web related logging consider setting the 'logging.level.web' property to 'DEBUG'
2020-07-02 08:10:20,640 INFO o.s.d.r.c.RepositoryConfigurationDelegate-registerRepositoriesIn [restartedMain] Bootstrapping Spring Data JPA repositories in DEFAULT mode.
2020-07-02 08:10:20,733 INFO o.s.d.r.c.RepositoryConfigurationDelegate-registerRepositoriesIn [restartedMain] Finished Spring Data repository scanning in 82ms. Found 6 JPA repository interfaces.
2020-07-02 08:10:20,968 INFO c.u.j.c.EnableEncryptablePropertiesBeanFactoryPostProcessor-postProcessBeanFactory [restartedMain] Post-processing PropertySource instances
2020-07-02 08:10:21,030 INFO c.u.j.EncryptablePropertySourceConverter-makeEncryptable [restartedMain] Converting PropertySource configurationProperties [org.springframework.boot.context.properties.source.ConfigurationPropertySourcesPropertySource] to AOP Proxy
2020-07-02 08:10:21,030 INFO c.u.j.EncryptablePropertySourceConverter-makeEncryptable [restartedMain] Converting PropertySource servletConfigInitParams [org.springframework.core.env.PropertySource$StubPropertySource] to EncryptablePropertySourceWrapper
2020-07-02 08:10:21,030 INFO c.u.j.EncryptablePropertySourceConverter-makeEncryptable [restartedMain] Converting PropertySource servletContextInitParams [org.springframework.core.env.PropertySource$StubPropertySource] to EncryptablePropertySourceWrapper
2020-07-02 08:10:21,030 INFO c.u.j.EncryptablePropertySourceConverter-makeEncryptable [restartedMain] Converting PropertySource systemProperties [org.springframework.core.env.PropertiesPropertySource] to EncryptableMapPropertySourceWrapper
2020-07-02 08:10:21,030 INFO c.u.j.EncryptablePropertySourceConverter-makeEncryptable [restartedMain] Converting PropertySource systemEnvironment [org.springframework.boot.env.SystemEnvironmentPropertySourceEnvironmentPostProcessor$OriginAwareSystemEnvironmentPropertySource] to EncryptableMapPropertySourceWrapper
2020-07-02 08:10:21,030 INFO c.u.j.EncryptablePropertySourceConverter-makeEncryptable [restartedMain] Converting PropertySource random [org.springframework.boot.env.RandomValuePropertySource] to EncryptablePropertySourceWrapper
2020-07-02 08:10:21,030 INFO c.u.j.EncryptablePropertySourceConverter-makeEncryptable [restartedMain] Converting PropertySource applicationConfig: [classpath:/application.properties] [org.springframework.boot.env.OriginTrackedMapPropertySource] to EncryptableMapPropertySourceWrapper
2020-07-02 08:10:21,030 INFO c.u.j.EncryptablePropertySourceConverter-makeEncryptable [restartedMain] Converting PropertySource devtools [org.springframework.core.env.MapPropertySource] to EncryptableMapPropertySourceWrapper
2020-07-02 08:10:21,155 INFO c.u.j.f.DefaultLazyPropertyFilter-lambda$null$2 [restartedMain] Property Filter custom Bean not found with name 'encryptablePropertyFilter'. Initializing Default Property Filter
2020-07-02 08:10:21,218 INFO o.s.c.s.PostProcessorRegistrationDelegate$BeanPostProcessorChecker-postProcessAfterInitialization [restartedMain] Bean 'org.springframework.security.config.annotation.configuration.ObjectPostProcessorConfiguration' of type [org.springframework.security.config.annotation.configuration.ObjectPostProcessorConfiguration] is not eligible for getting processed by all BeanPostProcessors (for example: not eligible for auto-proxying)
2020-07-02 08:10:21,218 INFO o.s.c.s.PostProcessorRegistrationDelegate$BeanPostProcessorChecker-postProcessAfterInitialization [restartedMain] Bean 'objectPostProcessor' of type [org.springframework.security.config.annotation.configuration.AutowireBeanFactoryObjectPostProcessor] is not eligible for getting processed by all BeanPostProcessors (for example: not eligible for auto-proxying)
2020-07-02 08:10:21,218 INFO o.s.c.s.PostProcessorRegistrationDelegate$BeanPostProcessorChecker-postProcessAfterInitialization [restartedMain] Bean 'org.springframework.security.access.expression.method.DefaultMethodSecurityExpressionHandler@fc4878c' of type [org.springframework.security.access.expression.method.DefaultMethodSecurityExpressionHandler] is not eligible for getting processed by all BeanPostProcessors (for example: not eligible for auto-proxying)
2020-07-02 08:10:21,218 INFO o.s.c.s.PostProcessorRegistrationDelegate$BeanPostProcessorChecker-postProcessAfterInitialization [restartedMain] Bean 'org.springframework.security.config.annotation.method.configuration.GlobalMethodSecurityConfiguration' of type [org.springframework.security.config.annotation.method.configuration.GlobalMethodSecurityConfiguration] is not eligible for getting processed by all BeanPostProcessors (for example: not eligible for auto-proxying)
2020-07-02 08:10:21,218 INFO o.s.c.s.PostProcessorRegistrationDelegate$BeanPostProcessorChecker-postProcessAfterInitialization [restartedMain] Bean 'methodSecurityMetadataSource' of type [org.springframework.security.access.method.DelegatingMethodSecurityMetadataSource] is not eligible for getting processed by all BeanPostProcessors (for example: not eligible for auto-proxying)
2020-07-02 08:10:21,312 INFO c.u.j.r.DefaultLazyPropertyResolver-lambda$null$2 [restartedMain] Property Resolver custom Bean not found with name 'encryptablePropertyResolver'. Initializing Default Property Resolver
2020-07-02 08:10:21,312 INFO c.u.j.d.DefaultLazyPropertyDetector-lambda$null$2 [restartedMain] Property Detector custom Bean not found with name 'encryptablePropertyDetector'. Initializing Default Property Detector
2020-07-02 08:10:21,624 INFO o.s.b.w.e.t.TomcatWebServer-initialize [restartedMain] Tomcat initialized with port(s): 8080 (http)
2020-07-02 08:10:21,624 INFO o.a.c.h.Http11NioProtocol-log [restartedMain] Initializing ProtocolHandler ["http-nio-8080"]
2020-07-02 08:10:21,624 INFO o.a.c.c.StandardService-log [restartedMain] Starting service [Tomcat]
2020-07-02 08:10:21,624 INFO o.a.c.c.StandardEngine-log [restartedMain] Starting Servlet engine: [Apache Tomcat/9.0.33]
2020-07-02 08:10:21,812 INFO o.a.c.c.C.[.[.[/]-log [restartedMain] Initializing Spring embedded WebApplicationContext
2020-07-02 08:10:21,812 INFO o.s.w.c.ContextLoader-prepareWebApplicationContext [restartedMain] Root WebApplicationContext: initialization completed in 2391 ms
2020-07-02 08:10:21,937 INFO c.u.j.e.DefaultLazyEncryptor-lambda$null$2 [restartedMain] String Encryptor custom Bean not found with name 'jasyptStringEncryptor'. Initializing Default String Encryptor
2020-07-02 08:10:21,937 INFO c.u.j.e.DefaultLazyEncryptor-getProperty [restartedMain] Encryptor config not found for property jasypt.encryptor.algorithm, using default value: PBEWithMD5AndDES
2020-07-02 08:10:21,937 INFO c.u.j.e.DefaultLazyEncryptor-getProperty [restartedMain] Encryptor config not found for property jasypt.encryptor.keyObtentionIterations, using default value: 1000
2020-07-02 08:10:21,937 INFO c.u.j.e.DefaultLazyEncryptor-getProperty [restartedMain] Encryptor config not found for property jasypt.encryptor.poolSize, using default value: 1
2020-07-02 08:10:21,952 INFO c.u.j.e.DefaultLazyEncryptor-getProperty [restartedMain] Encryptor config not found for property jasypt.encryptor.providerName, using default value: null
2020-07-02 08:10:21,952 INFO c.u.j.e.DefaultLazyEncryptor-getProperty [restartedMain] Encryptor config not found for property jasypt.encryptor.providerClassName, using default value: null
2020-07-02 08:10:21,952 INFO c.u.j.e.DefaultLazyEncryptor-getProperty [restartedMain] Encryptor config not found for property jasypt.encryptor.saltGeneratorClassname, using default value: org.jasypt.salt.RandomSaltGenerator
2020-07-02 08:10:21,952 INFO c.u.j.e.DefaultLazyEncryptor-getProperty [restartedMain] Encryptor config not found for property jasypt.encryptor.ivGeneratorClassname, using default value: org.jasypt.salt.NoOpIVGenerator
2020-07-02 08:10:21,952 INFO c.u.j.e.DefaultLazyEncryptor-getProperty [restartedMain] Encryptor config not found for property jasypt.encryptor.stringOutputType, using default value: base64
2020-07-02 08:10:22,062 INFO c.z.h.HikariDataSource-getConnection [restartedMain] HikariPool-1 - Starting...
2020-07-02 08:10:22,062 WARN c.z.h.u.DriverDataSource-<init> [restartedMain] Registered driver with driverClassName=com.mysql.jdbc.Driver was not found, trying direct instantiation.
2020-07-02 08:10:22,421 INFO c.z.h.HikariDataSource-getConnection [restartedMain] HikariPool-1 - Start completed.
2020-07-02 08:10:22,437 INFO o.s.b.a.h.H2ConsoleAutoConfiguration-lambda$h2Console$0 [restartedMain] H2 console available at '/h2-console'. Database available at 'jdbc:mysql://localhost:3306/demo?zeroDateTimeBehavior=CONVERT_TO_NULL&serverTimezone=Europe/Paris'
2020-07-02 08:10:22,749 INFO o.h.j.i.u.LogHelper-logPersistenceUnitInformation [restartedMain] HHH000204: Processing PersistenceUnitInfo [name: default]
2020-07-02 08:10:22,827 INFO o.h.Version-logVersion [restartedMain] HHH000412: Hibernate ORM core version 5.4.12.Final
2020-07-02 08:10:22,968 INFO o.h.a.c.Version-<clinit> [restartedMain] HCANN000001: Hibernate Commons Annotations {5.1.0.Final}
2020-07-02 08:10:23,093 INFO o.h.d.Dialect-<init> [restartedMain] HHH000400: Using dialect: org.hibernate.dialect.MySQL5InnoDBDialect
2020-07-02 08:10:23,874 INFO o.h.e.t.j.p.i.JtaPlatformInitiator-initiateService [restartedMain] HHH000490: Using JtaPlatform implementation: [org.hibernate.engine.transaction.jta.platform.internal.NoJtaPlatform]
2020-07-02 08:10:23,874 INFO o.s.o.j.LocalContainerEntityManagerFactoryBean-buildNativeEntityManagerFactory [restartedMain] Initialized JPA EntityManagerFactory for persistence unit 'default'
2020-07-02 08:10:23,921 WARN o.s.b.a.o.j.JpaBaseConfiguration$JpaWebConfiguration-openEntityManagerInViewInterceptor [restartedMain] spring.jpa.open-in-view is enabled by default. Therefore, database queries may be performed during view rendering. Explicitly configure spring.jpa.open-in-view to disable this warning
2020-07-02 08:10:24,515 INFO o.s.s.w.DefaultSecurityFilterChain-<init> [restartedMain] Creating filter chain: any request, [org.springframework.security.web.context.request.async.WebAsyncManagerIntegrationFilter@1470803b, org.springframework.security.web.context.SecurityContextPersistenceFilter@652cd11, org.springframework.security.web.header.HeaderWriterFilter@2b6f8541, org.springframework.security.web.csrf.CsrfFilter@6a01065b, org.springframework.security.web.authentication.logout.LogoutFilter@65615d99, org.springframework.security.web.authentication.UsernamePasswordAuthenticationFilter@688085c3, org.springframework.security.web.authentication.ui.DefaultLoginPageGeneratingFilter@214b54dc, org.springframework.security.web.authentication.ui.DefaultLogoutPageGeneratingFilter@7e0251c3, org.springframework.security.web.savedrequest.RequestCacheAwareFilter@4f67c060, org.springframework.security.web.servletapi.SecurityContextHolderAwareRequestFilter@cd18675, org.springframework.security.web.authentication.AnonymousAuthenticationFilter@47ec6113, org.springframework.security.web.session.SessionManagementFilter@349b1f3f, org.springframework.security.web.access.ExceptionTranslationFilter@667080f2, org.springframework.security.web.access.intercept.FilterSecurityInterceptor@25027f88]
2020-07-02 08:10:24,905 INFO o.s.s.c.ThreadPoolTaskExecutor-initialize [restartedMain] Initializing ExecutorService 'applicationTaskExecutor'
2020-07-02 08:10:25,312 INFO o.s.b.d.a.OptionalLiveReloadServer-startServer [restartedMain] LiveReload server is running on port 35729
2020-07-02 08:10:25,327 INFO o.s.b.a.e.w.EndpointLinksResolver-<init> [restartedMain] Exposing 2 endpoint(s) beneath base path '/actuator'
2020-07-02 08:10:25,405 INFO o.a.c.h.Http11NioProtocol-log [restartedMain] Starting ProtocolHandler ["http-nio-8080"]
2020-07-02 08:10:25,421 INFO o.s.b.w.e.t.TomcatWebServer-start [restartedMain] Tomcat started on port(s): 8080 (http) with context path ''
2020-07-02 08:10:25,437 INFO c.n.s.Application-logStarted [restartedMain] Started Application in 6.831 seconds (JVM running for 8.464)
2020-07-02 08:10:25,718 INFO o.a.c.c.C.[.[.[/]-log [RMI TCP Connection(1)-10.0.2.15] Initializing Spring DispatcherServlet 'dispatcherServlet'
2020-07-02 08:10:25,718 INFO o.s.w.s.DispatcherServlet-initServletBean [RMI TCP Connection(1)-10.0.2.15] Initializing Servlet 'dispatcherServlet'
2020-07-02 08:10:25,718 INFO o.s.w.s.DispatcherServlet-initServletBean [RMI TCP Connection(1)-10.0.2.15] Completed initialization in 0 ms
2020-07-02 08:10:57,805 INFO c.n.s.c.CurveController-addCurvePointForm [http-nio-8080-exec-5] addCurvePointForm start/finish
2020-07-02 08:11:05,263 INFO c.n.s.c.CurveController-validate [http-nio-8080-exec-7] validate start
2020-07-02 08:11:05,475 INFO c.n.s.c.CurveController-validate [http-nio-8080-exec-7] validate finish correctly for curve ID : 1
2020-07-02 08:11:05,490 INFO c.n.s.c.CurveController-home [http-nio-8080-exec-9] home start
2020-07-02 08:11:05,510 INFO c.n.s.c.CurveController-home [http-nio-8080-exec-9] home finish
2020-07-02 08:11:16,115 INFO c.n.s.c.CurveController-showUpdateForm [http-nio-8080-exec-2] showUpdateForm start for id 36
2020-07-02 08:11:16,131 INFO c.n.s.c.CurveController-showUpdateForm [http-nio-8080-exec-2] showUpdateForm finish
2020-07-02 08:11:21,573 INFO c.n.s.c.CurveController-updateCurvePoint [http-nio-8080-exec-4] updateCurvePoint start for id 36
2020-07-02 08:11:21,599 INFO c.n.s.c.CurveController-updateCurvePoint [http-nio-8080-exec-4] updateCurvePoint finish
2020-07-02 08:11:21,608 INFO c.n.s.c.CurveController-home [http-nio-8080-exec-5] home start
2020-07-02 08:11:21,618 INFO c.n.s.c.CurveController-home [http-nio-8080-exec-5] home finish
2020-07-02 08:11:44,357 INFO c.n.s.Application-logStarting [restartedMain] Starting Application on UC715467VW7JAV with PID 5080 (C:\Devenv\git\P7\SoftwareAcademy-P7\JavaDA_PROJECT7_RESTAPI\Poseiden-skeleton\target\classes started by S058601 in C:\Devenv\git\P7\SoftwareAcademy-P7\JavaDA_PROJECT7_RESTAPI\Poseiden-skeleton)
2020-07-02 08:11:44,373 INFO c.n.s.Application-logStartupProfileInfo [restartedMain] No active profile set, falling back to default profiles: default
2020-07-02 08:11:44,404 INFO o.s.b.d.r.ChangeableUrls-logTo [restartedMain] The Class-Path manifest attribute in C:\Users\s058601\.m2\repository\org\glassfish\jaxb\jaxb-runtime\2.3.2\jaxb-runtime-2.3.2.jar referenced one or more files that do not exist: file:/C:/Users/s058601/.m2/repository/org/glassfish/jaxb/jaxb-runtime/2.3.2/jakarta.xml.bind-api-2.3.2.jar,file:/C:/Users/s058601/.m2/repository/org/glassfish/jaxb/jaxb-runtime/2.3.2/txw2-2.3.2.jar,file:/C:/Users/s058601/.m2/repository/org/glassfish/jaxb/jaxb-runtime/2.3.2/istack-commons-runtime-3.0.8.jar,file:/C:/Users/s058601/.m2/repository/org/glassfish/jaxb/jaxb-runtime/2.3.2/stax-ex-1.8.1.jar,file:/C:/Users/s058601/.m2/repository/org/glassfish/jaxb/jaxb-runtime/2.3.2/FastInfoset-1.2.16.jar,file:/C:/Users/s058601/.m2/repository/org/glassfish/jaxb/jaxb-runtime/2.3.2/jakarta.activation-api-1.2.1.jar
2020-07-02 08:11:44,404 INFO o.s.b.d.e.DevToolsPropertyDefaultsPostProcessor-logTo [restartedMain] Devtools property defaults active! Set 'spring.devtools.add-properties' to 'false' to disable
2020-07-02 08:11:44,404 INFO o.s.b.d.e.DevToolsPropertyDefaultsPostProcessor-logTo [restartedMain] For additional web related logging consider setting the 'logging.level.web' property to 'DEBUG'
2020-07-02 08:11:45,347 INFO o.s.d.r.c.RepositoryConfigurationDelegate-registerRepositoriesIn [restartedMain] Bootstrapping Spring Data JPA repositories in DEFAULT mode.
2020-07-02 08:11:45,424 INFO o.s.d.r.c.RepositoryConfigurationDelegate-registerRepositoriesIn [restartedMain] Finished Spring Data repository scanning in 82ms. Found 6 JPA repository interfaces.
2020-07-02 08:11:45,656 INFO c.u.j.c.EnableEncryptablePropertiesBeanFactoryPostProcessor-postProcessBeanFactory [restartedMain] Post-processing PropertySource instances
2020-07-02 08:11:45,734 INFO c.u.j.EncryptablePropertySourceConverter-makeEncryptable [restartedMain] Converting PropertySource configurationProperties [org.springframework.boot.context.properties.source.ConfigurationPropertySourcesPropertySource] to AOP Proxy
2020-07-02 08:11:45,734 INFO c.u.j.EncryptablePropertySourceConverter-makeEncryptable [restartedMain] Converting PropertySource servletConfigInitParams [org.springframework.core.env.PropertySource$StubPropertySource] to EncryptablePropertySourceWrapper
2020-07-02 08:11:45,734 INFO c.u.j.EncryptablePropertySourceConverter-makeEncryptable [restartedMain] Converting PropertySource servletContextInitParams [org.springframework.core.env.PropertySource$StubPropertySource] to EncryptablePropertySourceWrapper
2020-07-02 08:11:45,734 INFO c.u.j.EncryptablePropertySourceConverter-makeEncryptable [restartedMain] Converting PropertySource systemProperties [org.springframework.core.env.PropertiesPropertySource] to EncryptableMapPropertySourceWrapper
2020-07-02 08:11:45,734 INFO c.u.j.EncryptablePropertySourceConverter-makeEncryptable [restartedMain] Converting PropertySource systemEnvironment [org.springframework.boot.env.SystemEnvironmentPropertySourceEnvironmentPostProcessor$OriginAwareSystemEnvironmentPropertySource] to EncryptableMapPropertySourceWrapper
2020-07-02 08:11:45,734 INFO c.u.j.EncryptablePropertySourceConverter-makeEncryptable [restartedMain] Converting PropertySource random [org.springframework.boot.env.RandomValuePropertySource] to EncryptablePropertySourceWrapper
2020-07-02 08:11:45,734 INFO c.u.j.EncryptablePropertySourceConverter-makeEncryptable [restartedMain] Converting PropertySource applicationConfig: [classpath:/application.properties] [org.springframework.boot.env.OriginTrackedMapPropertySource] to EncryptableMapPropertySourceWrapper
2020-07-02 08:11:45,734 INFO c.u.j.EncryptablePropertySourceConverter-makeEncryptable [restartedMain] Converting PropertySource devtools [org.springframework.core.env.MapPropertySource] to EncryptableMapPropertySourceWrapper
2020-07-02 08:11:45,873 INFO c.u.j.f.DefaultLazyPropertyFilter-lambda$null$2 [restartedMain] Property Filter custom Bean not found with name 'encryptablePropertyFilter'. Initializing Default Property Filter
2020-07-02 08:11:45,935 INFO o.s.c.s.PostProcessorRegistrationDelegate$BeanPostProcessorChecker-postProcessAfterInitialization [restartedMain] Bean 'org.springframework.security.config.annotation.configuration.ObjectPostProcessorConfiguration' of type [org.springframework.security.config.annotation.configuration.ObjectPostProcessorConfiguration] is not eligible for getting processed by all BeanPostProcessors (for example: not eligible for auto-proxying)
2020-07-02 08:11:45,935 INFO o.s.c.s.PostProcessorRegistrationDelegate$BeanPostProcessorChecker-postProcessAfterInitialization [restartedMain] Bean 'objectPostProcessor' of type [org.springframework.security.config.annotation.configuration.AutowireBeanFactoryObjectPostProcessor] is not eligible for getting processed by all BeanPostProcessors (for example: not eligible for auto-proxying)
2020-07-02 08:11:45,950 INFO o.s.c.s.PostProcessorRegistrationDelegate$BeanPostProcessorChecker-postProcessAfterInitialization [restartedMain] Bean 'org.springframework.security.access.expression.method.DefaultMethodSecurityExpressionHandler@56f856f6' of type [org.springframework.security.access.expression.method.DefaultMethodSecurityExpressionHandler] is not eligible for getting processed by all BeanPostProcessors (for example: not eligible for auto-proxying)
2020-07-02 08:11:45,950 INFO o.s.c.s.PostProcessorRegistrationDelegate$BeanPostProcessorChecker-postProcessAfterInitialization [restartedMain] Bean 'org.springframework.security.config.annotation.method.configuration.GlobalMethodSecurityConfiguration' of type [org.springframework.security.config.annotation.method.configuration.GlobalMethodSecurityConfiguration] is not eligible for getting processed by all BeanPostProcessors (for example: not eligible for auto-proxying)
2020-07-02 08:11:45,950 INFO o.s.c.s.PostProcessorRegistrationDelegate$BeanPostProcessorChecker-postProcessAfterInitialization [restartedMain] Bean 'methodSecurityMetadataSource' of type [org.springframework.security.access.method.DelegatingMethodSecurityMetadataSource] is not eligible for getting processed by all BeanPostProcessors (for example: not eligible for auto-proxying)
2020-07-02 08:11:46,043 INFO c.u.j.r.DefaultLazyPropertyResolver-lambda$null$2 [restartedMain] Property Resolver custom Bean not found with name 'encryptablePropertyResolver'. Initializing Default Property Resolver
2020-07-02 08:11:46,043 INFO c.u.j.d.DefaultLazyPropertyDetector-lambda$null$2 [restartedMain] Property Detector custom Bean not found with name 'encryptablePropertyDetector'. Initializing Default Property Detector
2020-07-02 08:11:46,353 INFO o.s.b.w.e.t.TomcatWebServer-initialize [restartedMain] Tomcat initialized with port(s): 8080 (http)
2020-07-02 08:11:46,368 INFO o.a.c.h.Http11NioProtocol-log [restartedMain] Initializing ProtocolHandler ["http-nio-8080"]
2020-07-02 08:11:46,368 INFO o.a.c.c.StandardService-log [restartedMain] Starting service [Tomcat]
2020-07-02 08:11:46,368 INFO o.a.c.c.StandardEngine-log [restartedMain] Starting Servlet engine: [Apache Tomcat/9.0.33]
2020-07-02 08:11:46,538 INFO o.a.c.c.C.[.[.[/]-log [restartedMain] Initializing Spring embedded WebApplicationContext
2020-07-02 08:11:46,538 INFO o.s.w.c.ContextLoader-prepareWebApplicationContext [restartedMain] Root WebApplicationContext: initialization completed in 2134 ms
2020-07-02 08:11:46,662 INFO c.u.j.e.DefaultLazyEncryptor-lambda$null$2 [restartedMain] String Encryptor custom Bean not found with name 'jasyptStringEncryptor'. Initializing Default String Encryptor
2020-07-02 08:11:46,662 INFO c.u.j.e.DefaultLazyEncryptor-getProperty [restartedMain] Encryptor config not found for property jasypt.encryptor.algorithm, using default value: PBEWithMD5AndDES
2020-07-02 08:11:46,662 INFO c.u.j.e.DefaultLazyEncryptor-getProperty [restartedMain] Encryptor config not found for property jasypt.encryptor.keyObtentionIterations, using default value: 1000
2020-07-02 08:11:46,662 INFO c.u.j.e.DefaultLazyEncryptor-getProperty [restartedMain] Encryptor config not found for property jasypt.encryptor.poolSize, using default value: 1
2020-07-02 08:11:46,662 INFO c.u.j.e.DefaultLazyEncryptor-getProperty [restartedMain] Encryptor config not found for property jasypt.encryptor.providerName, using default value: null
2020-07-02 08:11:46,662 INFO c.u.j.e.DefaultLazyEncryptor-getProperty [restartedMain] Encryptor config not found for property jasypt.encryptor.providerClassName, using default value: null
2020-07-02 08:11:46,662 INFO c.u.j.e.DefaultLazyEncryptor-getProperty [restartedMain] Encryptor config not found for property jasypt.encryptor.saltGeneratorClassname, using default value: org.jasypt.salt.RandomSaltGenerator
2020-07-02 08:11:46,677 INFO c.u.j.e.DefaultLazyEncryptor-getProperty [restartedMain] Encryptor config not found for property jasypt.encryptor.ivGeneratorClassname, using default value: org.jasypt.salt.NoOpIVGenerator
2020-07-02 08:11:46,677 INFO c.u.j.e.DefaultLazyEncryptor-getProperty [restartedMain] Encryptor config not found for property jasypt.encryptor.stringOutputType, using default value: base64
2020-07-02 08:11:46,770 INFO c.z.h.HikariDataSource-getConnection [restartedMain] HikariPool-1 - Starting...
2020-07-02 08:11:46,770 WARN c.z.h.u.DriverDataSource-<init> [restartedMain] Registered driver with driverClassName=com.mysql.jdbc.Driver was not found, trying direct instantiation.
2020-07-02 08:11:47,203 INFO c.z.h.HikariDataSource-getConnection [restartedMain] HikariPool-1 - Start completed.
2020-07-02 08:11:47,219 INFO o.s.b.a.h.H2ConsoleAutoConfiguration-lambda$h2Console$0 [restartedMain] H2 console available at '/h2-console'. Database available at 'jdbc:mysql://localhost:3306/demo?zeroDateTimeBehavior=CONVERT_TO_NULL&serverTimezone=Europe/Paris'
2020-07-02 08:11:47,605 INFO o.h.j.i.u.LogHelper-logPersistenceUnitInformation [restartedMain] HHH000204: Processing PersistenceUnitInfo [name: default]
2020-07-02 08:11:47,714 INFO o.h.Version-logVersion [restartedMain] HHH000412: Hibernate ORM core version 5.4.12.Final
2020-07-02 08:11:47,899 INFO o.h.a.c.Version-<clinit> [restartedMain] HCANN000001: Hibernate Commons Annotations {5.1.0.Final}
2020-07-02 08:11:48,039 INFO o.h.d.Dialect-<init> [restartedMain] HHH000400: Using dialect: org.hibernate.dialect.MySQL5InnoDBDialect
2020-07-02 08:11:48,951 INFO o.h.e.t.j.p.i.JtaPlatformInitiator-initiateService [restartedMain] HHH000490: Using JtaPlatform implementation: [org.hibernate.engine.transaction.jta.platform.internal.NoJtaPlatform]
2020-07-02 08:11:48,951 INFO o.s.o.j.LocalContainerEntityManagerFactoryBean-buildNativeEntityManagerFactory [restartedMain] Initialized JPA EntityManagerFactory for persistence unit 'default'
2020-07-02 08:11:49,013 WARN o.s.b.a.o.j.JpaBaseConfiguration$JpaWebConfiguration-openEntityManagerInViewInterceptor [restartedMain] spring.jpa.open-in-view is enabled by default. Therefore, database queries may be performed during view rendering. Explicitly configure spring.jpa.open-in-view to disable this warning
2020-07-02 08:11:49,616 INFO o.s.s.w.DefaultSecurityFilterChain-<init> [restartedMain] Creating filter chain: any request, [org.springframework.security.web.context.request.async.WebAsyncManagerIntegrationFilter@6f7e066a, org.springframework.security.web.context.SecurityContextPersistenceFilter@5b0b821d, org.springframework.security.web.header.HeaderWriterFilter@585797dd, org.springframework.security.web.csrf.CsrfFilter@33e77361, org.springframework.security.web.authentication.logout.LogoutFilter@7b5768ba, org.springframework.security.web.authentication.UsernamePasswordAuthenticationFilter@4036324, org.springframework.security.web.authentication.ui.DefaultLoginPageGeneratingFilter@3cf854d0, org.springframework.security.web.authentication.ui.DefaultLogoutPageGeneratingFilter@45560305, org.springframework.security.web.savedrequest.RequestCacheAwareFilter@6e069e40, org.springframework.security.web.servletapi.SecurityContextHolderAwareRequestFilter@3041ebbe, org.springframework.security.web.authentication.AnonymousAuthenticationFilter@6e95d3c9, org.springframework.security.web.session.SessionManagementFilter@6399b01b, org.springframework.security.web.access.ExceptionTranslationFilter@fe38690, org.springframework.security.web.access.intercept.FilterSecurityInterceptor@b5b0ae]
2020-07-02 08:11:50,080 INFO o.s.s.c.ThreadPoolTaskExecutor-initialize [restartedMain] Initializing ExecutorService 'applicationTaskExecutor'
2020-07-02 08:11:50,529 INFO o.s.b.d.a.OptionalLiveReloadServer-startServer [restartedMain] LiveReload server is running on port 35729
2020-07-02 08:11:50,529 INFO o.s.b.a.e.w.EndpointLinksResolver-<init> [restartedMain] Exposing 2 endpoint(s) beneath base path '/actuator'
2020-07-02 08:11:50,622 INFO o.a.c.h.Http11NioProtocol-log [restartedMain] Starting ProtocolHandler ["http-nio-8080"]
2020-07-02 08:11:50,637 INFO o.s.b.w.e.t.TomcatWebServer-start [restartedMain] Tomcat started on port(s): 8080 (http) with context path ''
2020-07-02 08:11:50,653 INFO c.n.s.Application-logStarted [restartedMain] Started Application in 6.889 seconds (JVM running for 8.689)
2020-07-02 08:11:51,148 INFO o.a.c.c.C.[.[.[/]-log [RMI TCP Connection(1)-10.0.2.15] Initializing Spring DispatcherServlet 'dispatcherServlet'
2020-07-02 08:11:51,148 INFO o.s.w.s.DispatcherServlet-initServletBean [RMI TCP Connection(1)-10.0.2.15] Initializing Servlet 'dispatcherServlet'
2020-07-02 08:11:51,148 INFO o.s.w.s.DispatcherServlet-initServletBean [RMI TCP Connection(1)-10.0.2.15] Completed initialization in 0 ms
2020-07-02 08:12:09,514 INFO c.n.s.c.CurveController-home [http-nio-8080-exec-4] home start
2020-07-02 08:12:09,642 INFO c.n.s.c.CurveController-home [http-nio-8080-exec-4] home finish
2020-07-02 08:12:12,406 INFO c.n.s.c.CurveController-showUpdateForm [http-nio-8080-exec-6] showUpdateForm start for id 36
2020-07-02 08:12:12,429 INFO c.n.s.c.CurveController-showUpdateForm [http-nio-8080-exec-6] showUpdateForm finish
2020-07-02 08:12:16,581 INFO c.n.s.c.CurveController-updateCurvePoint [http-nio-8080-exec-9] updateCurvePoint start for id 36
2020-07-02 08:12:16,636 INFO c.n.s.c.CurveController-updateCurvePoint [http-nio-8080-exec-9] updateCurvePoint finish
2020-07-02 08:12:16,649 INFO c.n.s.c.CurveController-home [http-nio-8080-exec-10] home start
2020-07-02 08:12:16,661 INFO c.n.s.c.CurveController-home [http-nio-8080-exec-10] home finish
2020-07-02 08:34:58,767 INFO c.n.s.Application-logStarting [restartedMain] Starting Application on UC715467VW7JAV with PID 5784 (C:\Devenv\git\P7\SoftwareAcademy-P7\JavaDA_PROJECT7_RESTAPI\Poseiden-skeleton\target\classes started by S058601 in C:\Devenv\git\P7\SoftwareAcademy-P7\JavaDA_PROJECT7_RESTAPI\Poseiden-skeleton)
2020-07-02 08:34:58,782 INFO c.n.s.Application-logStartupProfileInfo [restartedMain] No active profile set, falling back to default profiles: default
2020-07-02 08:34:58,845 INFO o.s.b.d.r.ChangeableUrls-logTo [restartedMain] The Class-Path manifest attribute in C:\Users\s058601\.m2\repository\org\glassfish\jaxb\jaxb-runtime\2.3.2\jaxb-runtime-2.3.2.jar referenced one or more files that do not exist: file:/C:/Users/s058601/.m2/repository/org/glassfish/jaxb/jaxb-runtime/2.3.2/jakarta.xml.bind-api-2.3.2.jar,file:/C:/Users/s058601/.m2/repository/org/glassfish/jaxb/jaxb-runtime/2.3.2/txw2-2.3.2.jar,file:/C:/Users/s058601/.m2/repository/org/glassfish/jaxb/jaxb-runtime/2.3.2/istack-commons-runtime-3.0.8.jar,file:/C:/Users/s058601/.m2/repository/org/glassfish/jaxb/jaxb-runtime/2.3.2/stax-ex-1.8.1.jar,file:/C:/Users/s058601/.m2/repository/org/glassfish/jaxb/jaxb-runtime/2.3.2/FastInfoset-1.2.16.jar,file:/C:/Users/s058601/.m2/repository/org/glassfish/jaxb/jaxb-runtime/2.3.2/jakarta.activation-api-1.2.1.jar
2020-07-02 08:34:58,845 INFO o.s.b.d.e.DevToolsPropertyDefaultsPostProcessor-logTo [restartedMain] Devtools property defaults active! Set 'spring.devtools.add-properties' to 'false' to disable
2020-07-02 08:34:58,845 INFO o.s.b.d.e.DevToolsPropertyDefaultsPostProcessor-logTo [restartedMain] For additional web related logging consider setting the 'logging.level.web' property to 'DEBUG'
2020-07-02 08:34:59,892 INFO o.s.d.r.c.RepositoryConfigurationDelegate-registerRepositoriesIn [restartedMain] Bootstrapping Spring Data JPA repositories in DEFAULT mode.
2020-07-02 08:34:59,985 INFO o.s.d.r.c.RepositoryConfigurationDelegate-registerRepositoriesIn [restartedMain] Finished Spring Data repository scanning in 80ms. Found 6 JPA repository interfaces.
2020-07-02 08:35:00,220 INFO c.u.j.c.EnableEncryptablePropertiesBeanFactoryPostProcessor-postProcessBeanFactory [restartedMain] Post-processing PropertySource instances
2020-07-02 08:35:00,313 INFO c.u.j.EncryptablePropertySourceConverter-makeEncryptable [restartedMain] Converting PropertySource configurationProperties [org.springframework.boot.context.properties.source.ConfigurationPropertySourcesPropertySource] to AOP Proxy
2020-07-02 08:35:00,313 INFO c.u.j.EncryptablePropertySourceConverter-makeEncryptable [restartedMain] Converting PropertySource servletConfigInitParams [org.springframework.core.env.PropertySource$StubPropertySource] to EncryptablePropertySourceWrapper
2020-07-02 08:35:00,313 INFO c.u.j.EncryptablePropertySourceConverter-makeEncryptable [restartedMain] Converting PropertySource servletContextInitParams [org.springframework.core.env.PropertySource$StubPropertySource] to EncryptablePropertySourceWrapper
2020-07-02 08:35:00,313 INFO c.u.j.EncryptablePropertySourceConverter-makeEncryptable [restartedMain] Converting PropertySource systemProperties [org.springframework.core.env.PropertiesPropertySource] to EncryptableMapPropertySourceWrapper
2020-07-02 08:35:00,313 INFO c.u.j.EncryptablePropertySourceConverter-makeEncryptable [restartedMain] Converting PropertySource systemEnvironment [org.springframework.boot.env.SystemEnvironmentPropertySourceEnvironmentPostProcessor$OriginAwareSystemEnvironmentPropertySource] to EncryptableMapPropertySourceWrapper
2020-07-02 08:35:00,313 INFO c.u.j.EncryptablePropertySourceConverter-makeEncryptable [restartedMain] Converting PropertySource random [org.springframework.boot.env.RandomValuePropertySource] to EncryptablePropertySourceWrapper
2020-07-02 08:35:00,313 INFO c.u.j.EncryptablePropertySourceConverter-makeEncryptable [restartedMain] Converting PropertySource applicationConfig: [classpath:/application.properties] [org.springframework.boot.env.OriginTrackedMapPropertySource] to EncryptableMapPropertySourceWrapper
2020-07-02 08:35:00,313 INFO c.u.j.EncryptablePropertySourceConverter-makeEncryptable [restartedMain] Converting PropertySource devtools [org.springframework.core.env.MapPropertySource] to EncryptableMapPropertySourceWrapper
2020-07-02 08:35:00,454 INFO c.u.j.f.DefaultLazyPropertyFilter-lambda$null$2 [restartedMain] Property Filter custom Bean not found with name 'encryptablePropertyFilter'. Initializing Default Property Filter
2020-07-02 08:35:00,517 INFO o.s.c.s.PostProcessorRegistrationDelegate$BeanPostProcessorChecker-postProcessAfterInitialization [restartedMain] Bean 'org.springframework.security.config.annotation.configuration.ObjectPostProcessorConfiguration' of type [org.springframework.security.config.annotation.configuration.ObjectPostProcessorConfiguration] is not eligible for getting processed by all BeanPostProcessors (for example: not eligible for auto-proxying)
2020-07-02 08:35:00,517 INFO o.s.c.s.PostProcessorRegistrationDelegate$BeanPostProcessorChecker-postProcessAfterInitialization [restartedMain] Bean 'objectPostProcessor' of type [org.springframework.security.config.annotation.configuration.AutowireBeanFactoryObjectPostProcessor] is not eligible for getting processed by all BeanPostProcessors (for example: not eligible for auto-proxying)
2020-07-02 08:35:00,517 INFO o.s.c.s.PostProcessorRegistrationDelegate$BeanPostProcessorChecker-postProcessAfterInitialization [restartedMain] Bean 'org.springframework.security.access.expression.method.DefaultMethodSecurityExpressionHandler@143cf870' of type [org.springframework.security.access.expression.method.DefaultMethodSecurityExpressionHandler] is not eligible for getting processed by all BeanPostProcessors (for example: not eligible for auto-proxying)
2020-07-02 08:35:00,532 INFO o.s.c.s.PostProcessorRegistrationDelegate$BeanPostProcessorChecker-postProcessAfterInitialization [restartedMain] Bean 'org.springframework.security.config.annotation.method.configuration.GlobalMethodSecurityConfiguration' of type [org.springframework.security.config.annotation.method.configuration.GlobalMethodSecurityConfiguration] is not eligible for getting processed by all BeanPostProcessors (for example: not eligible for auto-proxying)
2020-07-02 08:35:00,532 INFO o.s.c.s.PostProcessorRegistrationDelegate$BeanPostProcessorChecker-postProcessAfterInitialization [restartedMain] Bean 'methodSecurityMetadataSource' of type [org.springframework.security.access.method.DelegatingMethodSecurityMetadataSource] is not eligible for getting processed by all BeanPostProcessors (for example: not eligible for auto-proxying)
2020-07-02 08:35:00,626 INFO c.u.j.r.DefaultLazyPropertyResolver-lambda$null$2 [restartedMain] Property Resolver custom Bean not found with name 'encryptablePropertyResolver'. Initializing Default Property Resolver
2020-07-02 08:35:00,626 INFO c.u.j.d.DefaultLazyPropertyDetector-lambda$null$2 [restartedMain] Property Detector custom Bean not found with name 'encryptablePropertyDetector'. Initializing Default Property Detector
2020-07-02 08:35:00,923 INFO o.s.b.w.e.t.TomcatWebServer-initialize [restartedMain] Tomcat initialized with port(s): 8080 (http)
2020-07-02 08:35:00,938 INFO o.a.c.h.Http11NioProtocol-log [restartedMain] Initializing ProtocolHandler ["http-nio-8080"]
2020-07-02 08:35:00,938 INFO o.a.c.c.StandardService-log [restartedMain] Starting service [Tomcat]
2020-07-02 08:35:00,938 INFO o.a.c.c.StandardEngine-log [restartedMain] Starting Servlet engine: [Apache Tomcat/9.0.33]
2020-07-02 08:35:01,126 INFO o.a.c.c.C.[.[.[/]-log [restartedMain] Initializing Spring embedded WebApplicationContext
2020-07-02 08:35:01,126 INFO o.s.w.c.ContextLoader-prepareWebApplicationContext [restartedMain] Root WebApplicationContext: initialization completed in 2281 ms
2020-07-02 08:35:01,251 INFO c.u.j.e.DefaultLazyEncryptor-lambda$null$2 [restartedMain] String Encryptor custom Bean not found with name 'jasyptStringEncryptor'. Initializing Default String Encryptor
2020-07-02 08:35:01,251 INFO c.u.j.e.DefaultLazyEncryptor-getProperty [restartedMain] Encryptor config not found for property jasypt.encryptor.algorithm, using default value: PBEWithMD5AndDES
2020-07-02 08:35:01,251 INFO c.u.j.e.DefaultLazyEncryptor-getProperty [restartedMain] Encryptor config not found for property jasypt.encryptor.keyObtentionIterations, using default value: 1000
2020-07-02 08:35:01,251 INFO c.u.j.e.DefaultLazyEncryptor-getProperty [restartedMain] Encryptor config not found for property jasypt.encryptor.poolSize, using default value: 1
2020-07-02 08:35:01,251 INFO c.u.j.e.DefaultLazyEncryptor-getProperty [restartedMain] Encryptor config not found for property jasypt.encryptor.providerName, using default value: null
2020-07-02 08:35:01,251 INFO c.u.j.e.DefaultLazyEncryptor-getProperty [restartedMain] Encryptor config not found for property jasypt.encryptor.providerClassName, using default value: null
2020-07-02 08:35:01,251 INFO c.u.j.e.DefaultLazyEncryptor-getProperty [restartedMain] Encryptor config not found for property jasypt.encryptor.saltGeneratorClassname, using default value: org.jasypt.salt.RandomSaltGenerator
2020-07-02 08:35:01,267 INFO c.u.j.e.DefaultLazyEncryptor-getProperty [restartedMain] Encryptor config not found for property jasypt.encryptor.ivGeneratorClassname, using default value: org.jasypt.salt.NoOpIVGenerator
2020-07-02 08:35:01,267 INFO c.u.j.e.DefaultLazyEncryptor-getProperty [restartedMain] Encryptor config not found for property jasypt.encryptor.stringOutputType, using default value: base64
2020-07-02 08:35:01,376 INFO c.z.h.HikariDataSource-getConnection [restartedMain] HikariPool-1 - Starting...
2020-07-02 08:35:01,376 WARN c.z.h.u.DriverDataSource-<init> [restartedMain] Registered driver with driverClassName=com.mysql.jdbc.Driver was not found, trying direct instantiation.
2020-07-02 08:35:01,813 INFO c.z.h.HikariDataSource-getConnection [restartedMain] HikariPool-1 - Start completed.
2020-07-02 08:35:01,813 INFO o.s.b.a.h.H2ConsoleAutoConfiguration-lambda$h2Console$0 [restartedMain] H2 console available at '/h2-console'. Database available at 'jdbc:mysql://localhost:3306/demo?zeroDateTimeBehavior=CONVERT_TO_NULL&serverTimezone=Europe/Paris'
2020-07-02 08:35:02,157 INFO o.h.j.i.u.LogHelper-logPersistenceUnitInformation [restartedMain] HHH000204: Processing PersistenceUnitInfo [name: default]
2020-07-02 08:35:02,235 INFO o.h.Version-logVersion [restartedMain] HHH000412: Hibernate ORM core version 5.4.12.Final
2020-07-02 08:35:02,376 INFO o.h.a.c.Version-<clinit> [restartedMain] HCANN000001: Hibernate Commons Annotations {5.1.0.Final}
2020-07-02 08:35:02,501 INFO o.h.d.Dialect-<init> [restartedMain] HHH000400: Using dialect: org.hibernate.dialect.MySQL5InnoDBDialect
2020-07-02 08:35:03,298 INFO o.h.e.t.j.p.i.JtaPlatformInitiator-initiateService [restartedMain] HHH000490: Using JtaPlatform implementation: [org.hibernate.engine.transaction.jta.platform.internal.NoJtaPlatform]
2020-07-02 08:35:03,313 INFO o.s.o.j.LocalContainerEntityManagerFactoryBean-buildNativeEntityManagerFactory [restartedMain] Initialized JPA EntityManagerFactory for persistence unit 'default'
2020-07-02 08:35:03,360 WARN o.s.b.a.o.j.JpaBaseConfiguration$JpaWebConfiguration-openEntityManagerInViewInterceptor [restartedMain] spring.jpa.open-in-view is enabled by default. Therefore, database queries may be performed during view rendering. Explicitly configure spring.jpa.open-in-view to disable this warning
2020-07-02 08:35:03,892 INFO o.s.s.w.DefaultSecurityFilterChain-<init> [restartedMain] Creating filter chain: any request, [org.springframework.security.web.context.request.async.WebAsyncManagerIntegrationFilter@7c1f2901, org.springframework.security.web.context.SecurityContextPersistenceFilter@487193de, org.springframework.security.web.header.HeaderWriterFilter@1da502cc, org.springframework.security.web.csrf.CsrfFilter@463c5bb3, org.springframework.security.web.authentication.logout.LogoutFilter@32f77b95, org.springframework.security.web.authentication.UsernamePasswordAuthenticationFilter@20922097, org.springframework.security.web.authentication.ui.DefaultLoginPageGeneratingFilter@49154cb1, org.springframework.security.web.authentication.ui.DefaultLogoutPageGeneratingFilter@7b0af13d, org.springframework.security.web.savedrequest.RequestCacheAwareFilter@5a5530ce, org.springframework.security.web.servletapi.SecurityContextHolderAwareRequestFilter@dc41d12, org.springframework.security.web.authentication.AnonymousAuthenticationFilter@1eec0ea4, org.springframework.security.web.session.SessionManagementFilter@ee57e0c, org.springframework.security.web.access.ExceptionTranslationFilter@76851656, org.springframework.security.web.access.intercept.FilterSecurityInterceptor@457785a9]
2020-07-02 08:35:04,423 INFO o.s.s.c.ThreadPoolTaskExecutor-initialize [restartedMain] Initializing ExecutorService 'applicationTaskExecutor'
2020-07-02 08:35:04,954 INFO o.s.b.d.a.OptionalLiveReloadServer-startServer [restartedMain] LiveReload server is running on port 35729
2020-07-02 08:35:04,970 INFO o.s.b.a.e.w.EndpointLinksResolver-<init> [restartedMain] Exposing 2 endpoint(s) beneath base path '/actuator'
2020-07-02 08:35:05,063 INFO o.a.c.h.Http11NioProtocol-log [restartedMain] Starting ProtocolHandler ["http-nio-8080"]
2020-07-02 08:35:05,095 INFO o.s.b.w.e.t.TomcatWebServer-start [restartedMain] Tomcat started on port(s): 8080 (http) with context path ''
2020-07-02 08:35:05,095 INFO c.n.s.Application-logStarted [restartedMain] Started Application in 7.094 seconds (JVM running for 8.689)
2020-07-02 08:35:05,782 INFO o.a.c.c.C.[.[.[/]-log [RMI TCP Connection(6)-10.0.2.15] Initializing Spring DispatcherServlet 'dispatcherServlet'
2020-07-02 08:35:05,782 INFO o.s.w.s.DispatcherServlet-initServletBean [RMI TCP Connection(6)-10.0.2.15] Initializing Servlet 'dispatcherServlet'
2020-07-02 08:35:05,798 INFO o.s.w.s.DispatcherServlet-initServletBean [RMI TCP Connection(6)-10.0.2.15] Completed initialization in 16 ms
2020-07-02 08:36:13,577 INFO c.n.s.c.RatingController-validate [http-nio-8080-exec-7] validate start
2020-07-02 08:36:13,767 INFO c.n.s.c.RatingController-validate [http-nio-8080-exec-7] validate finish correctly for Order : 1
2020-07-02 08:36:13,783 INFO c.n.s.c.RatingController-home [http-nio-8080-exec-8] home start
2020-07-02 08:36:13,791 INFO c.n.s.c.RatingController-home [http-nio-8080-exec-8] home finish
2020-07-02 08:36:32,862 INFO c.n.s.c.RatingController-validate [http-nio-8080-exec-2] validate start
2020-07-02 08:36:32,889 INFO c.n.s.c.RatingController-validate [http-nio-8080-exec-2] validate finish correctly for Order : 1
2020-07-02 08:36:32,897 INFO c.n.s.c.RatingController-home [http-nio-8080-exec-3] home start
2020-07-02 08:36:32,904 INFO c.n.s.c.RatingController-home [http-nio-8080-exec-3] home finish
