2020-07-17 10:07:35,871 INFO c.n.s.Application-logStarting [restartedMain] Starting Application on UC715467VW7JAV with PID 3312 (C:\Devenv\git\P7\SoftwareAcademy-P7\JavaDA_PROJECT7_RESTAPI\Poseiden-skeleton\target\classes started by S058601 in C:\Devenv\git\P7\SoftwareAcademy-P7\JavaDA_PROJECT7_RESTAPI\Poseiden-skeleton)
2020-07-17 10:07:35,930 INFO c.n.s.Application-logStartupProfileInfo [restartedMain] No active profile set, falling back to default profiles: default
2020-07-17 10:07:36,048 INFO o.s.b.d.r.ChangeableUrls-logTo [restartedMain] The Class-Path manifest attribute in C:\Users\s058601\.m2\repository\org\glassfish\jaxb\jaxb-runtime\2.3.2\jaxb-runtime-2.3.2.jar referenced one or more files that do not exist: file:/C:/Users/s058601/.m2/repository/org/glassfish/jaxb/jaxb-runtime/2.3.2/jakarta.xml.bind-api-2.3.2.jar,file:/C:/Users/s058601/.m2/repository/org/glassfish/jaxb/jaxb-runtime/2.3.2/txw2-2.3.2.jar,file:/C:/Users/s058601/.m2/repository/org/glassfish/jaxb/jaxb-runtime/2.3.2/istack-commons-runtime-3.0.8.jar,file:/C:/Users/s058601/.m2/repository/org/glassfish/jaxb/jaxb-runtime/2.3.2/stax-ex-1.8.1.jar,file:/C:/Users/s058601/.m2/repository/org/glassfish/jaxb/jaxb-runtime/2.3.2/FastInfoset-1.2.16.jar,file:/C:/Users/s058601/.m2/repository/org/glassfish/jaxb/jaxb-runtime/2.3.2/jakarta.activation-api-1.2.1.jar
2020-07-17 10:07:36,048 INFO o.s.b.d.e.DevToolsPropertyDefaultsPostProcessor-logTo [restartedMain] Devtools property defaults active! Set 'spring.devtools.add-properties' to 'false' to disable
2020-07-17 10:07:36,048 INFO o.s.b.d.e.DevToolsPropertyDefaultsPostProcessor-logTo [restartedMain] For additional web related logging consider setting the 'logging.level.web' property to 'DEBUG'
2020-07-17 10:07:38,714 INFO o.s.d.r.c.RepositoryConfigurationDelegate-registerRepositoriesIn [restartedMain] Bootstrapping Spring Data JPA repositories in DEFAULT mode.
2020-07-17 10:07:38,920 INFO o.s.d.r.c.RepositoryConfigurationDelegate-registerRepositoriesIn [restartedMain] Finished Spring Data repository scanning in 194ms. Found 6 JPA repository interfaces.
2020-07-17 10:07:40,065 INFO c.u.j.c.EnableEncryptablePropertiesBeanFactoryPostProcessor-postProcessBeanFactory [restartedMain] Post-processing PropertySource instances
2020-07-17 10:07:40,535 INFO c.u.j.EncryptablePropertySourceConverter-makeEncryptable [restartedMain] Converting PropertySource configurationProperties [org.springframework.boot.context.properties.source.ConfigurationPropertySourcesPropertySource] to AOP Proxy
2020-07-17 10:07:40,535 INFO c.u.j.EncryptablePropertySourceConverter-makeEncryptable [restartedMain] Converting PropertySource servletConfigInitParams [org.springframework.core.env.PropertySource$StubPropertySource] to EncryptablePropertySourceWrapper
2020-07-17 10:07:40,535 INFO c.u.j.EncryptablePropertySourceConverter-makeEncryptable [restartedMain] Converting PropertySource servletContextInitParams [org.springframework.core.env.PropertySource$StubPropertySource] to EncryptablePropertySourceWrapper
2020-07-17 10:07:40,551 INFO c.u.j.EncryptablePropertySourceConverter-makeEncryptable [restartedMain] Converting PropertySource systemProperties [org.springframework.core.env.PropertiesPropertySource] to EncryptableMapPropertySourceWrapper
2020-07-17 10:07:40,551 INFO c.u.j.EncryptablePropertySourceConverter-makeEncryptable [restartedMain] Converting PropertySource systemEnvironment [org.springframework.boot.env.SystemEnvironmentPropertySourceEnvironmentPostProcessor$OriginAwareSystemEnvironmentPropertySource] to EncryptableMapPropertySourceWrapper
2020-07-17 10:07:40,551 INFO c.u.j.EncryptablePropertySourceConverter-makeEncryptable [restartedMain] Converting PropertySource random [org.springframework.boot.env.RandomValuePropertySource] to EncryptablePropertySourceWrapper
2020-07-17 10:07:40,551 INFO c.u.j.EncryptablePropertySourceConverter-makeEncryptable [restartedMain] Converting PropertySource applicationConfig: [classpath:/application.properties] [org.springframework.boot.env.OriginTrackedMapPropertySource] to EncryptableMapPropertySourceWrapper
2020-07-17 10:07:40,551 INFO c.u.j.EncryptablePropertySourceConverter-makeEncryptable [restartedMain] Converting PropertySource devtools [org.springframework.core.env.MapPropertySource] to EncryptableMapPropertySourceWrapper
2020-07-17 10:07:41,005 INFO c.u.j.f.DefaultLazyPropertyFilter-lambda$null$2 [restartedMain] Property Filter custom Bean not found with name 'encryptablePropertyFilter'. Initializing Default Property Filter
2020-07-17 10:07:41,572 INFO o.s.c.s.PostProcessorRegistrationDelegate$BeanPostProcessorChecker-postProcessAfterInitialization [restartedMain] Bean 'org.springframework.security.config.annotation.configuration.ObjectPostProcessorConfiguration' of type [org.springframework.security.config.annotation.configuration.ObjectPostProcessorConfiguration] is not eligible for getting processed by all BeanPostProcessors (for example: not eligible for auto-proxying)
2020-07-17 10:07:41,670 INFO o.s.c.s.PostProcessorRegistrationDelegate$BeanPostProcessorChecker-postProcessAfterInitialization [restartedMain] Bean 'objectPostProcessor' of type [org.springframework.security.config.annotation.configuration.AutowireBeanFactoryObjectPostProcessor] is not eligible for getting processed by all BeanPostProcessors (for example: not eligible for auto-proxying)
2020-07-17 10:07:41,670 INFO o.s.c.s.PostProcessorRegistrationDelegate$BeanPostProcessorChecker-postProcessAfterInitialization [restartedMain] Bean 'org.springframework.security.access.expression.method.DefaultMethodSecurityExpressionHandler@5d3a5b6c' of type [org.springframework.security.access.expression.method.DefaultMethodSecurityExpressionHandler] is not eligible for getting processed by all BeanPostProcessors (for example: not eligible for auto-proxying)
2020-07-17 10:07:41,670 INFO o.s.c.s.PostProcessorRegistrationDelegate$BeanPostProcessorChecker-postProcessAfterInitialization [restartedMain] Bean 'org.springframework.security.config.annotation.method.configuration.GlobalMethodSecurityConfiguration' of type [org.springframework.security.config.annotation.method.configuration.GlobalMethodSecurityConfiguration] is not eligible for getting processed by all BeanPostProcessors (for example: not eligible for auto-proxying)
2020-07-17 10:07:41,702 INFO o.s.c.s.PostProcessorRegistrationDelegate$BeanPostProcessorChecker-postProcessAfterInitialization [restartedMain] Bean 'methodSecurityMetadataSource' of type [org.springframework.security.access.method.DelegatingMethodSecurityMetadataSource] is not eligible for getting processed by all BeanPostProcessors (for example: not eligible for auto-proxying)
2020-07-17 10:07:41,929 INFO c.u.j.r.DefaultLazyPropertyResolver-lambda$null$2 [restartedMain] Property Resolver custom Bean not found with name 'encryptablePropertyResolver'. Initializing Default Property Resolver
2020-07-17 10:07:41,929 INFO c.u.j.d.DefaultLazyPropertyDetector-lambda$null$2 [restartedMain] Property Detector custom Bean not found with name 'encryptablePropertyDetector'. Initializing Default Property Detector
2020-07-17 10:07:42,447 INFO o.s.b.w.e.t.TomcatWebServer-initialize [restartedMain] Tomcat initialized with port(s): 8080 (http)
2020-07-17 10:07:42,626 INFO o.a.c.h.Http11NioProtocol-log [restartedMain] Initializing ProtocolHandler ["http-nio-8080"]
2020-07-17 10:07:42,626 INFO o.a.c.c.StandardService-log [restartedMain] Starting service [Tomcat]
2020-07-17 10:07:42,626 INFO o.a.c.c.StandardEngine-log [restartedMain] Starting Servlet engine: [Apache Tomcat/9.0.33]
2020-07-17 10:07:42,869 INFO o.a.c.c.C.[.[.[/]-log [restartedMain] Initializing Spring embedded WebApplicationContext
2020-07-17 10:07:42,869 INFO o.s.w.c.ContextLoader-prepareWebApplicationContext [restartedMain] Root WebApplicationContext: initialization completed in 6821 ms
2020-07-17 10:07:43,177 INFO c.u.j.e.DefaultLazyEncryptor-lambda$null$2 [restartedMain] String Encryptor custom Bean not found with name 'jasyptStringEncryptor'. Initializing Default String Encryptor
2020-07-17 10:07:43,193 INFO c.u.j.e.DefaultLazyEncryptor-getProperty [restartedMain] Encryptor config not found for property jasypt.encryptor.algorithm, using default value: PBEWithMD5AndDES
2020-07-17 10:07:43,193 INFO c.u.j.e.DefaultLazyEncryptor-getProperty [restartedMain] Encryptor config not found for property jasypt.encryptor.keyObtentionIterations, using default value: 1000
2020-07-17 10:07:43,193 INFO c.u.j.e.DefaultLazyEncryptor-getProperty [restartedMain] Encryptor config not found for property jasypt.encryptor.poolSize, using default value: 1
2020-07-17 10:07:43,209 INFO c.u.j.e.DefaultLazyEncryptor-getProperty [restartedMain] Encryptor config not found for property jasypt.encryptor.providerName, using default value: null
2020-07-17 10:07:43,209 INFO c.u.j.e.DefaultLazyEncryptor-getProperty [restartedMain] Encryptor config not found for property jasypt.encryptor.providerClassName, using default value: null
2020-07-17 10:07:43,209 INFO c.u.j.e.DefaultLazyEncryptor-getProperty [restartedMain] Encryptor config not found for property jasypt.encryptor.saltGeneratorClassname, using default value: org.jasypt.salt.RandomSaltGenerator
2020-07-17 10:07:43,209 INFO c.u.j.e.DefaultLazyEncryptor-getProperty [restartedMain] Encryptor config not found for property jasypt.encryptor.ivGeneratorClassname, using default value: org.jasypt.salt.NoOpIVGenerator
2020-07-17 10:07:43,209 INFO c.u.j.e.DefaultLazyEncryptor-getProperty [restartedMain] Encryptor config not found for property jasypt.encryptor.stringOutputType, using default value: base64
2020-07-17 10:07:43,598 INFO c.z.h.HikariDataSource-getConnection [restartedMain] HikariPool-1 - Starting...
2020-07-17 10:07:43,598 WARN c.z.h.u.DriverDataSource-<init> [restartedMain] Registered driver with driverClassName=com.mysql.jdbc.Driver was not found, trying direct instantiation.
2020-07-17 10:07:44,408 INFO c.z.h.HikariDataSource-getConnection [restartedMain] HikariPool-1 - Start completed.
2020-07-17 10:07:44,408 INFO o.s.b.a.h.H2ConsoleAutoConfiguration-lambda$h2Console$0 [restartedMain] H2 console available at '/h2-console'. Database available at 'jdbc:mysql://localhost:3306/demo?zeroDateTimeBehavior=CONVERT_TO_NULL&serverTimezone=Europe/Paris'
2020-07-17 10:07:45,057 INFO o.h.j.i.u.LogHelper-logPersistenceUnitInformation [restartedMain] HHH000204: Processing PersistenceUnitInfo [name: default]
2020-07-17 10:07:45,267 INFO o.h.Version-logVersion [restartedMain] HHH000412: Hibernate ORM core version 5.4.12.Final
2020-07-17 10:07:45,672 INFO o.h.a.c.Version-<clinit> [restartedMain] HCANN000001: Hibernate Commons Annotations {5.1.0.Final}
2020-07-17 10:07:45,964 INFO o.h.d.Dialect-<init> [restartedMain] HHH000400: Using dialect: org.hibernate.dialect.MySQL5InnoDBDialect
2020-07-17 10:07:47,730 INFO o.h.e.t.j.p.i.JtaPlatformInitiator-initiateService [restartedMain] HHH000490: Using JtaPlatform implementation: [org.hibernate.engine.transaction.jta.platform.internal.NoJtaPlatform]
2020-07-17 10:07:47,747 INFO o.s.o.j.LocalContainerEntityManagerFactoryBean-buildNativeEntityManagerFactory [restartedMain] Initialized JPA EntityManagerFactory for persistence unit 'default'
2020-07-17 10:07:47,828 WARN o.s.b.a.o.j.JpaBaseConfiguration$JpaWebConfiguration-openEntityManagerInViewInterceptor [restartedMain] spring.jpa.open-in-view is enabled by default. Therefore, database queries may be performed during view rendering. Explicitly configure spring.jpa.open-in-view to disable this warning
2020-07-17 10:07:48,978 INFO o.s.s.w.DefaultSecurityFilterChain-<init> [restartedMain] Creating filter chain: any request, [org.springframework.security.web.context.request.async.WebAsyncManagerIntegrationFilter@6037788f, org.springframework.security.web.context.SecurityContextPersistenceFilter@df8d239, org.springframework.security.web.header.HeaderWriterFilter@547387c7, org.springframework.security.web.csrf.CsrfFilter@5734a7ba, org.springframework.security.web.authentication.logout.LogoutFilter@669da01d, org.springframework.security.web.authentication.UsernamePasswordAuthenticationFilter@74abacb7, org.springframework.security.web.authentication.ui.DefaultLoginPageGeneratingFilter@5ca16875, org.springframework.security.web.authentication.ui.DefaultLogoutPageGeneratingFilter@1f97e526, org.springframework.security.web.savedrequest.RequestCacheAwareFilter@d746387, org.springframework.security.web.servletapi.SecurityContextHolderAwareRequestFilter@3185e659, org.springframework.security.web.authentication.AnonymousAuthenticationFilter@1ec4950b, org.springframework.security.web.session.SessionManagementFilter@7b085103, org.springframework.security.web.access.ExceptionTranslationFilter@5df28c44, org.springframework.security.web.access.intercept.FilterSecurityInterceptor@25da791f]
2020-07-17 10:07:49,594 INFO o.s.s.c.ThreadPoolTaskExecutor-initialize [restartedMain] Initializing ExecutorService 'applicationTaskExecutor'
2020-07-17 10:07:50,531 INFO o.s.b.d.a.OptionalLiveReloadServer-startServer [restartedMain] LiveReload server is running on port 35729
2020-07-17 10:07:50,531 INFO o.s.b.a.e.w.EndpointLinksResolver-<init> [restartedMain] Exposing 2 endpoint(s) beneath base path '/actuator'
2020-07-17 10:07:50,709 INFO o.a.c.h.Http11NioProtocol-log [restartedMain] Starting ProtocolHandler ["http-nio-8080"]
2020-07-17 10:07:50,745 INFO o.s.b.w.e.t.TomcatWebServer-start [restartedMain] Tomcat started on port(s): 8080 (http) with context path ''
2020-07-17 10:07:50,745 INFO c.n.s.Application-logStarted [restartedMain] Started Application in 15.492 seconds (JVM running for 20.769)
2020-07-17 10:07:51,297 INFO o.a.c.c.C.[.[.[/]-log [RMI TCP Connection(2)-10.0.2.15] Initializing Spring DispatcherServlet 'dispatcherServlet'
2020-07-17 10:07:51,297 INFO o.s.w.s.DispatcherServlet-initServletBean [RMI TCP Connection(2)-10.0.2.15] Initializing Servlet 'dispatcherServlet'
2020-07-17 10:07:51,315 INFO o.s.w.s.DispatcherServlet-initServletBean [RMI TCP Connection(2)-10.0.2.15] Completed initialization in 18 ms
2020-07-17 10:32:20,238 INFO c.n.s.c.UserController-addUser [http-nio-8080-exec-1] addUser start/finish
2020-07-17 10:32:23,708 INFO c.n.s.c.UserController-home [http-nio-8080-exec-3] home start
2020-07-17 10:32:24,723 INFO c.n.s.c.UserController-home [http-nio-8080-exec-3] home finish
2020-07-17 10:32:40,849 INFO c.n.s.c.UserController-addUser [http-nio-8080-exec-6] addUser start/finish
2020-07-17 10:33:00,052 INFO c.n.s.c.UserController-validate [http-nio-8080-exec-8] validate start
2020-07-17 10:33:00,485 INFO c.n.s.c.UserController-validate [http-nio-8080-exec-8] validate finish correctly for user : NK1
2020-07-17 10:33:00,528 INFO c.n.s.c.UserController-home [http-nio-8080-exec-9] home start
2020-07-17 10:33:00,547 INFO c.n.s.c.UserController-home [http-nio-8080-exec-9] home finish
2020-07-17 10:33:26,097 INFO c.n.s.c.BidListController-home [http-nio-8080-exec-5] home start
2020-07-17 10:33:26,126 INFO c.n.s.c.BidListController-home [http-nio-8080-exec-5] home finish
2020-07-17 10:35:18,437 INFO c.n.s.c.BidListController-addBidForm [http-nio-8080-exec-9] start /finish
2020-07-17 10:35:32,384 INFO c.n.s.c.BidListController-validate [http-nio-8080-exec-1] validate start
2020-07-17 10:35:32,385 ERROR c.n.s.c.BidListController-validate [http-nio-8080-exec-1] validate finish with error for bid : null
2020-07-17 10:36:13,339 INFO c.n.s.c.BidListController-validate [http-nio-8080-exec-3] validate start
2020-07-17 10:36:13,392 INFO c.n.s.c.BidListController-validate [http-nio-8080-exec-3] validate finish correctly for bid ID : 113
2020-07-17 10:36:13,408 INFO c.n.s.c.BidListController-home [http-nio-8080-exec-4] home start
2020-07-17 10:36:13,424 INFO c.n.s.c.BidListController-home [http-nio-8080-exec-4] home finish
2020-07-17 10:36:17,443 INFO c.n.s.c.BidListController-showUpdateForm [http-nio-8080-exec-6]  start for id 113
2020-07-17 10:36:17,472 INFO c.n.s.c.BidListController-showUpdateForm [http-nio-8080-exec-6]  finish
2020-07-17 10:36:21,231 INFO c.n.s.c.BidListController-updateBid [http-nio-8080-exec-9]  start for id 113
2020-07-17 10:36:21,275 INFO c.n.s.c.BidListController-updateBid [http-nio-8080-exec-9]  finish
2020-07-17 10:36:21,287 INFO c.n.s.c.BidListController-home [http-nio-8080-exec-10] home start
2020-07-17 10:36:21,298 INFO c.n.s.c.BidListController-home [http-nio-8080-exec-10] home finish
2020-07-17 10:36:24,406 INFO c.n.s.c.BidListController-showUpdateForm [http-nio-8080-exec-2]  start for id 113
2020-07-17 10:36:24,420 INFO c.n.s.c.BidListController-showUpdateForm [http-nio-8080-exec-2]  finish
2020-07-17 10:36:28,525 INFO c.n.s.c.BidListController-updateBid [http-nio-8080-exec-4]  start for id 113
2020-07-17 10:36:28,564 INFO c.n.s.c.BidListController-updateBid [http-nio-8080-exec-4]  finish
2020-07-17 10:36:28,578 INFO c.n.s.c.BidListController-home [http-nio-8080-exec-5] home start
2020-07-17 10:36:28,589 INFO c.n.s.c.BidListController-home [http-nio-8080-exec-5] home finish
2020-07-17 10:36:42,759 INFO c.n.s.c.BidListController-deleteBid [http-nio-8080-exec-7]  start for id 113
2020-07-17 10:36:42,856 INFO c.n.s.c.BidListController-deleteBid [http-nio-8080-exec-7]  finish
2020-07-17 10:36:42,873 INFO c.n.s.c.BidListController-home [http-nio-8080-exec-8] home start
2020-07-17 10:36:42,885 INFO c.n.s.c.BidListController-home [http-nio-8080-exec-8] home finish
2020-07-17 10:36:44,456 INFO c.n.s.c.TradeController-home [http-nio-8080-exec-10] home start
2020-07-17 10:36:44,496 INFO c.n.s.c.TradeController-home [http-nio-8080-exec-10] home finish
2020-07-17 10:36:48,634 INFO c.n.s.c.TradeController-showUpdateForm [http-nio-8080-exec-2] showUpdateForm start for id 102
2020-07-17 10:36:48,647 INFO c.n.s.c.TradeController-showUpdateForm [http-nio-8080-exec-2] showUpdateForm finish
2020-07-17 10:36:52,633 INFO c.n.s.c.TradeController-updateTrade [http-nio-8080-exec-4]  start for id 102
2020-07-17 10:36:52,681 INFO c.n.s.c.TradeController-updateTrade [http-nio-8080-exec-4]  finish
2020-07-17 10:36:52,702 INFO c.n.s.c.TradeController-home [http-nio-8080-exec-5] home start
2020-07-17 10:36:52,717 INFO c.n.s.c.TradeController-home [http-nio-8080-exec-5] home finish
2020-07-17 10:37:01,098 INFO c.n.s.c.BidListController-home [http-nio-8080-exec-7] home start
2020-07-17 10:37:01,109 INFO c.n.s.c.BidListController-home [http-nio-8080-exec-7] home finish
2020-07-17 10:37:02,858 INFO c.n.s.c.CurveController-home [http-nio-8080-exec-9] home start
2020-07-17 10:37:02,887 INFO c.n.s.c.CurveController-home [http-nio-8080-exec-9] home finish
2020-07-17 10:37:07,017 INFO c.n.s.c.CurveController-deleteCurvePoint [http-nio-8080-exec-1] deleteCurvePoint start for id 90
2020-07-17 10:37:07,074 INFO c.n.s.c.CurveController-deleteCurvePoint [http-nio-8080-exec-1] deleteCurvePoint finish
2020-07-17 10:37:07,087 INFO c.n.s.c.CurveController-home [http-nio-8080-exec-2] home start
2020-07-17 10:37:07,104 INFO c.n.s.c.CurveController-home [http-nio-8080-exec-2] home finish
2020-07-17 10:37:11,275 INFO c.n.s.c.RatingController-home [http-nio-8080-exec-4] home start
2020-07-17 10:37:11,296 INFO c.n.s.c.RatingController-home [http-nio-8080-exec-4] home finish
2020-07-17 10:37:19,802 INFO c.n.s.c.RatingController-deleteRating [http-nio-8080-exec-6] deleteRating start for id 76
2020-07-17 10:37:19,857 INFO c.n.s.c.RatingController-deleteRating [http-nio-8080-exec-6] deleteRating finish
2020-07-17 10:37:19,870 INFO c.n.s.c.RatingController-home [http-nio-8080-exec-7] home start
2020-07-17 10:37:19,879 INFO c.n.s.c.RatingController-home [http-nio-8080-exec-7] home finish
2020-07-17 10:37:24,202 INFO c.n.s.c.RuleNameController-home [http-nio-8080-exec-10] home start
2020-07-17 10:37:24,224 INFO c.n.s.c.RuleNameController-home [http-nio-8080-exec-10] home finish
2020-07-17 10:37:36,116 INFO c.n.s.c.BidListController-home [http-nio-8080-exec-2] home start
2020-07-17 10:37:36,130 INFO c.n.s.c.BidListController-home [http-nio-8080-exec-2] home finish
2020-07-17 10:48:12,672 INFO c.n.s.Application-logStarting [restartedMain] Starting Application on UC715467VW7JAV with PID 6112 (C:\Devenv\git\P7\SoftwareAcademy-P7\JavaDA_PROJECT7_RESTAPI\Poseiden-skeleton\target\classes started by S058601 in C:\Devenv\git\P7\SoftwareAcademy-P7\JavaDA_PROJECT7_RESTAPI\Poseiden-skeleton)
2020-07-17 10:48:12,688 INFO c.n.s.Application-logStartupProfileInfo [restartedMain] No active profile set, falling back to default profiles: default
2020-07-17 10:48:12,750 INFO o.s.b.d.r.ChangeableUrls-logTo [restartedMain] The Class-Path manifest attribute in C:\Users\s058601\.m2\repository\org\glassfish\jaxb\jaxb-runtime\2.3.2\jaxb-runtime-2.3.2.jar referenced one or more files that do not exist: file:/C:/Users/s058601/.m2/repository/org/glassfish/jaxb/jaxb-runtime/2.3.2/jakarta.xml.bind-api-2.3.2.jar,file:/C:/Users/s058601/.m2/repository/org/glassfish/jaxb/jaxb-runtime/2.3.2/txw2-2.3.2.jar,file:/C:/Users/s058601/.m2/repository/org/glassfish/jaxb/jaxb-runtime/2.3.2/istack-commons-runtime-3.0.8.jar,file:/C:/Users/s058601/.m2/repository/org/glassfish/jaxb/jaxb-runtime/2.3.2/stax-ex-1.8.1.jar,file:/C:/Users/s058601/.m2/repository/org/glassfish/jaxb/jaxb-runtime/2.3.2/FastInfoset-1.2.16.jar,file:/C:/Users/s058601/.m2/repository/org/glassfish/jaxb/jaxb-runtime/2.3.2/jakarta.activation-api-1.2.1.jar
2020-07-17 10:48:12,750 INFO o.s.b.d.e.DevToolsPropertyDefaultsPostProcessor-logTo [restartedMain] Devtools property defaults active! Set 'spring.devtools.add-properties' to 'false' to disable
2020-07-17 10:48:12,750 INFO o.s.b.d.e.DevToolsPropertyDefaultsPostProcessor-logTo [restartedMain] For additional web related logging consider setting the 'logging.level.web' property to 'DEBUG'
2020-07-17 10:48:14,047 INFO o.s.d.r.c.RepositoryConfigurationDelegate-registerRepositoriesIn [restartedMain] Bootstrapping Spring Data JPA repositories in DEFAULT mode.
2020-07-17 10:48:14,156 INFO o.s.d.r.c.RepositoryConfigurationDelegate-registerRepositoriesIn [restartedMain] Finished Spring Data repository scanning in 104ms. Found 6 JPA repository interfaces.
2020-07-17 10:48:14,453 INFO c.u.j.c.EnableEncryptablePropertiesBeanFactoryPostProcessor-postProcessBeanFactory [restartedMain] Post-processing PropertySource instances
2020-07-17 10:48:14,531 INFO c.u.j.EncryptablePropertySourceConverter-makeEncryptable [restartedMain] Converting PropertySource configurationProperties [org.springframework.boot.context.properties.source.ConfigurationPropertySourcesPropertySource] to AOP Proxy
2020-07-17 10:48:14,531 INFO c.u.j.EncryptablePropertySourceConverter-makeEncryptable [restartedMain] Converting PropertySource servletConfigInitParams [org.springframework.core.env.PropertySource$StubPropertySource] to EncryptablePropertySourceWrapper
2020-07-17 10:48:14,531 INFO c.u.j.EncryptablePropertySourceConverter-makeEncryptable [restartedMain] Converting PropertySource servletContextInitParams [org.springframework.core.env.PropertySource$StubPropertySource] to EncryptablePropertySourceWrapper
2020-07-17 10:48:14,531 INFO c.u.j.EncryptablePropertySourceConverter-makeEncryptable [restartedMain] Converting PropertySource systemProperties [org.springframework.core.env.PropertiesPropertySource] to EncryptableMapPropertySourceWrapper
2020-07-17 10:48:14,531 INFO c.u.j.EncryptablePropertySourceConverter-makeEncryptable [restartedMain] Converting PropertySource systemEnvironment [org.springframework.boot.env.SystemEnvironmentPropertySourceEnvironmentPostProcessor$OriginAwareSystemEnvironmentPropertySource] to EncryptableMapPropertySourceWrapper
2020-07-17 10:48:14,531 INFO c.u.j.EncryptablePropertySourceConverter-makeEncryptable [restartedMain] Converting PropertySource random [org.springframework.boot.env.RandomValuePropertySource] to EncryptablePropertySourceWrapper
2020-07-17 10:48:14,531 INFO c.u.j.EncryptablePropertySourceConverter-makeEncryptable [restartedMain] Converting PropertySource applicationConfig: [classpath:/application.properties] [org.springframework.boot.env.OriginTrackedMapPropertySource] to EncryptableMapPropertySourceWrapper
2020-07-17 10:48:14,531 INFO c.u.j.EncryptablePropertySourceConverter-makeEncryptable [restartedMain] Converting PropertySource devtools [org.springframework.core.env.MapPropertySource] to EncryptableMapPropertySourceWrapper
2020-07-17 10:48:14,688 INFO c.u.j.f.DefaultLazyPropertyFilter-lambda$null$2 [restartedMain] Property Filter custom Bean not found with name 'encryptablePropertyFilter'. Initializing Default Property Filter
2020-07-17 10:48:14,766 INFO o.s.c.s.PostProcessorRegistrationDelegate$BeanPostProcessorChecker-postProcessAfterInitialization [restartedMain] Bean 'org.springframework.security.config.annotation.configuration.ObjectPostProcessorConfiguration' of type [org.springframework.security.config.annotation.configuration.ObjectPostProcessorConfiguration] is not eligible for getting processed by all BeanPostProcessors (for example: not eligible for auto-proxying)
2020-07-17 10:48:14,766 INFO o.s.c.s.PostProcessorRegistrationDelegate$BeanPostProcessorChecker-postProcessAfterInitialization [restartedMain] Bean 'objectPostProcessor' of type [org.springframework.security.config.annotation.configuration.AutowireBeanFactoryObjectPostProcessor] is not eligible for getting processed by all BeanPostProcessors (for example: not eligible for auto-proxying)
2020-07-17 10:48:14,781 INFO o.s.c.s.PostProcessorRegistrationDelegate$BeanPostProcessorChecker-postProcessAfterInitialization [restartedMain] Bean 'org.springframework.security.access.expression.method.DefaultMethodSecurityExpressionHandler@3baed942' of type [org.springframework.security.access.expression.method.DefaultMethodSecurityExpressionHandler] is not eligible for getting processed by all BeanPostProcessors (for example: not eligible for auto-proxying)
2020-07-17 10:48:14,781 INFO o.s.c.s.PostProcessorRegistrationDelegate$BeanPostProcessorChecker-postProcessAfterInitialization [restartedMain] Bean 'org.springframework.security.config.annotation.method.configuration.GlobalMethodSecurityConfiguration' of type [org.springframework.security.config.annotation.method.configuration.GlobalMethodSecurityConfiguration] is not eligible for getting processed by all BeanPostProcessors (for example: not eligible for auto-proxying)
2020-07-17 10:48:14,781 INFO o.s.c.s.PostProcessorRegistrationDelegate$BeanPostProcessorChecker-postProcessAfterInitialization [restartedMain] Bean 'methodSecurityMetadataSource' of type [org.springframework.security.access.method.DelegatingMethodSecurityMetadataSource] is not eligible for getting processed by all BeanPostProcessors (for example: not eligible for auto-proxying)
2020-07-17 10:48:14,875 INFO c.u.j.r.DefaultLazyPropertyResolver-lambda$null$2 [restartedMain] Property Resolver custom Bean not found with name 'encryptablePropertyResolver'. Initializing Default Property Resolver
2020-07-17 10:48:14,875 INFO c.u.j.d.DefaultLazyPropertyDetector-lambda$null$2 [restartedMain] Property Detector custom Bean not found with name 'encryptablePropertyDetector'. Initializing Default Property Detector
2020-07-17 10:48:15,250 INFO o.s.b.w.e.t.TomcatWebServer-initialize [restartedMain] Tomcat initialized with port(s): 8080 (http)
2020-07-17 10:48:15,266 INFO o.a.c.h.Http11NioProtocol-log [restartedMain] Initializing ProtocolHandler ["http-nio-8080"]
2020-07-17 10:48:15,266 INFO o.a.c.c.StandardService-log [restartedMain] Starting service [Tomcat]
2020-07-17 10:48:15,266 INFO o.a.c.c.StandardEngine-log [restartedMain] Starting Servlet engine: [Apache Tomcat/9.0.33]
2020-07-17 10:48:15,453 INFO o.a.c.c.C.[.[.[/]-log [restartedMain] Initializing Spring embedded WebApplicationContext
2020-07-17 10:48:15,453 INFO o.s.w.c.ContextLoader-prepareWebApplicationContext [restartedMain] Root WebApplicationContext: initialization completed in 2703 ms
2020-07-17 10:48:15,594 INFO c.u.j.e.DefaultLazyEncryptor-lambda$null$2 [restartedMain] String Encryptor custom Bean not found with name 'jasyptStringEncryptor'. Initializing Default String Encryptor
2020-07-17 10:48:15,610 INFO c.u.j.e.DefaultLazyEncryptor-getProperty [restartedMain] Encryptor config not found for property jasypt.encryptor.algorithm, using default value: PBEWithMD5AndDES
2020-07-17 10:48:15,610 INFO c.u.j.e.DefaultLazyEncryptor-getProperty [restartedMain] Encryptor config not found for property jasypt.encryptor.keyObtentionIterations, using default value: 1000
2020-07-17 10:48:15,610 INFO c.u.j.e.DefaultLazyEncryptor-getProperty [restartedMain] Encryptor config not found for property jasypt.encryptor.poolSize, using default value: 1
2020-07-17 10:48:15,610 INFO c.u.j.e.DefaultLazyEncryptor-getProperty [restartedMain] Encryptor config not found for property jasypt.encryptor.providerName, using default value: null
2020-07-17 10:48:15,610 INFO c.u.j.e.DefaultLazyEncryptor-getProperty [restartedMain] Encryptor config not found for property jasypt.encryptor.providerClassName, using default value: null
2020-07-17 10:48:15,610 INFO c.u.j.e.DefaultLazyEncryptor-getProperty [restartedMain] Encryptor config not found for property jasypt.encryptor.saltGeneratorClassname, using default value: org.jasypt.salt.RandomSaltGenerator
2020-07-17 10:48:15,610 INFO c.u.j.e.DefaultLazyEncryptor-getProperty [restartedMain] Encryptor config not found for property jasypt.encryptor.ivGeneratorClassname, using default value: org.jasypt.salt.NoOpIVGenerator
2020-07-17 10:48:15,610 INFO c.u.j.e.DefaultLazyEncryptor-getProperty [restartedMain] Encryptor config not found for property jasypt.encryptor.stringOutputType, using default value: base64
2020-07-17 10:48:15,719 INFO c.z.h.HikariDataSource-getConnection [restartedMain] HikariPool-1 - Starting...
2020-07-17 10:48:15,735 WARN c.z.h.u.DriverDataSource-<init> [restartedMain] Registered driver with driverClassName=com.mysql.jdbc.Driver was not found, trying direct instantiation.
2020-07-17 10:48:16,141 INFO c.z.h.HikariDataSource-getConnection [restartedMain] HikariPool-1 - Start completed.
2020-07-17 10:48:16,156 INFO o.s.b.a.h.H2ConsoleAutoConfiguration-lambda$h2Console$0 [restartedMain] H2 console available at '/h2-console'. Database available at 'jdbc:mysql://localhost:3306/demo?zeroDateTimeBehavior=CONVERT_TO_NULL&serverTimezone=Europe/Paris'
2020-07-17 10:48:16,531 INFO o.h.j.i.u.LogHelper-logPersistenceUnitInformation [restartedMain] HHH000204: Processing PersistenceUnitInfo [name: default]
2020-07-17 10:48:16,610 INFO o.h.Version-logVersion [restartedMain] HHH000412: Hibernate ORM core version 5.4.12.Final
2020-07-17 10:48:16,781 INFO o.h.a.c.Version-<clinit> [restartedMain] HCANN000001: Hibernate Commons Annotations {5.1.0.Final}
2020-07-17 10:48:16,906 INFO o.h.d.Dialect-<init> [restartedMain] HHH000400: Using dialect: org.hibernate.dialect.MySQL5InnoDBDialect
2020-07-17 10:48:17,891 INFO o.h.e.t.j.p.i.JtaPlatformInitiator-initiateService [restartedMain] HHH000490: Using JtaPlatform implementation: [org.hibernate.engine.transaction.jta.platform.internal.NoJtaPlatform]
2020-07-17 10:48:17,906 INFO o.s.o.j.LocalContainerEntityManagerFactoryBean-buildNativeEntityManagerFactory [restartedMain] Initialized JPA EntityManagerFactory for persistence unit 'default'
2020-07-17 10:48:17,969 WARN o.s.b.a.o.j.JpaBaseConfiguration$JpaWebConfiguration-openEntityManagerInViewInterceptor [restartedMain] spring.jpa.open-in-view is enabled by default. Therefore, database queries may be performed during view rendering. Explicitly configure spring.jpa.open-in-view to disable this warning
2020-07-17 10:48:18,672 INFO o.s.s.w.DefaultSecurityFilterChain-<init> [restartedMain] Creating filter chain: any request, [org.springframework.security.web.context.request.async.WebAsyncManagerIntegrationFilter@650f148f, org.springframework.security.web.context.SecurityContextPersistenceFilter@5457cc5e, org.springframework.security.web.header.HeaderWriterFilter@36eaa2c4, org.springframework.security.web.csrf.CsrfFilter@5e5ee01b, org.springframework.security.web.authentication.logout.LogoutFilter@42ce5ef2, org.springframework.security.web.authentication.UsernamePasswordAuthenticationFilter@17f1acc9, org.springframework.security.web.authentication.ui.DefaultLoginPageGeneratingFilter@292be1d1, org.springframework.security.web.authentication.ui.DefaultLogoutPageGeneratingFilter@6bdb4a3e, org.springframework.security.web.savedrequest.RequestCacheAwareFilter@3852f549, org.springframework.security.web.servletapi.SecurityContextHolderAwareRequestFilter@575aab40, org.springframework.security.web.authentication.AnonymousAuthenticationFilter@71dd3d0d, org.springframework.security.web.session.SessionManagementFilter@1fca47e8, org.springframework.security.web.access.ExceptionTranslationFilter@6e3aa965, org.springframework.security.web.access.intercept.FilterSecurityInterceptor@34e31473]
2020-07-17 10:48:19,047 INFO o.s.s.c.ThreadPoolTaskExecutor-initialize [restartedMain] Initializing ExecutorService 'applicationTaskExecutor'
2020-07-17 10:48:19,610 INFO o.s.b.d.a.OptionalLiveReloadServer-startServer [restartedMain] LiveReload server is running on port 35729
2020-07-17 10:48:19,610 INFO o.s.b.a.e.w.EndpointLinksResolver-<init> [restartedMain] Exposing 2 endpoint(s) beneath base path '/actuator'
2020-07-17 10:48:19,703 INFO o.a.c.h.Http11NioProtocol-log [restartedMain] Starting ProtocolHandler ["http-nio-8080"]
2020-07-17 10:48:19,750 INFO o.s.b.w.e.t.TomcatWebServer-start [restartedMain] Tomcat started on port(s): 8080 (http) with context path ''
2020-07-17 10:48:19,750 INFO c.n.s.Application-logStarted [restartedMain] Started Application in 7.984 seconds (JVM running for 10.505)
2020-07-17 10:48:20,219 INFO o.a.c.c.C.[.[.[/]-log [RMI TCP Connection(2)-10.0.2.15] Initializing Spring DispatcherServlet 'dispatcherServlet'
2020-07-17 10:48:20,219 INFO o.s.w.s.DispatcherServlet-initServletBean [RMI TCP Connection(2)-10.0.2.15] Initializing Servlet 'dispatcherServlet'
2020-07-17 10:48:20,266 INFO o.s.w.s.DispatcherServlet-initServletBean [RMI TCP Connection(2)-10.0.2.15] Completed initialization in 47 ms
2020-07-17 10:48:37,744 INFO c.n.s.c.UserController-home [http-nio-8080-exec-4] home start
2020-07-17 10:48:37,878 INFO c.n.s.c.UserController-home [http-nio-8080-exec-4] home finish
2020-07-17 10:48:48,338 INFO c.n.s.c.UserController-addUser [http-nio-8080-exec-6] addUser start/finish
2020-07-17 10:49:06,843 INFO c.n.s.c.UserController-validate [http-nio-8080-exec-8] validate start
2020-07-17 10:49:07,005 INFO c.n.s.c.UserController-validate [http-nio-8080-exec-8] validate finish correctly for user : E2lre
2020-07-17 10:49:07,021 INFO c.n.s.c.UserController-home [http-nio-8080-exec-9] home start
2020-07-17 10:49:07,030 INFO c.n.s.c.UserController-home [http-nio-8080-exec-9] home finish
2020-07-17 10:52:03,692 INFO c.n.s.c.BidListController-home [http-nio-8080-exec-5] home start
2020-07-17 10:52:03,706 INFO c.n.s.c.BidListController-home [http-nio-8080-exec-5] home finish
2020-07-17 10:52:06,621 INFO c.n.s.c.BidListController-showUpdateForm [http-nio-8080-exec-7]  start for id 111
2020-07-17 10:52:06,641 INFO c.n.s.c.BidListController-showUpdateForm [http-nio-8080-exec-7]  finish
2020-07-17 10:52:09,240 INFO c.n.s.c.RatingController-home [http-nio-8080-exec-9] home start
2020-07-17 10:52:09,249 INFO c.n.s.c.RatingController-home [http-nio-8080-exec-9] home finish
2020-07-17 10:52:27,528 INFO c.n.s.c.BidListController-home [http-nio-8080-exec-8] home start
2020-07-17 10:52:27,534 INFO c.n.s.c.BidListController-home [http-nio-8080-exec-8] home finish
2020-07-17 10:52:35,715 INFO c.n.s.c.BidListController-addBidForm [http-nio-8080-exec-10] start /finish
2020-07-17 10:52:46,142 INFO c.n.s.c.TradeController-home [http-nio-8080-exec-2] home start
2020-07-17 10:52:46,158 INFO c.n.s.c.TradeController-home [http-nio-8080-exec-2] home finish
2020-07-17 10:52:47,011 INFO c.n.s.c.TradeController-addUser [http-nio-8080-exec-4] start /finish
2020-07-17 10:52:50,980 INFO c.n.s.c.RatingController-home [http-nio-8080-exec-6] home start
2020-07-17 10:52:50,990 INFO c.n.s.c.RatingController-home [http-nio-8080-exec-6] home finish
2020-07-17 10:52:52,494 INFO c.n.s.c.RatingController-addRatingForm [http-nio-8080-exec-8] Start / finish
2020-07-17 10:52:56,749 INFO c.n.s.c.CurveController-home [http-nio-8080-exec-10] home start
2020-07-17 10:52:56,763 INFO c.n.s.c.CurveController-home [http-nio-8080-exec-10] home finish
2020-07-17 10:52:58,452 INFO c.n.s.c.CurveController-addCurvePointForm [http-nio-8080-exec-2] addCurvePointForm start/finish
2020-07-17 10:54:56,052 INFO c.n.s.c.RatingController-home [http-nio-8080-exec-6] home start
2020-07-17 10:54:56,061 INFO c.n.s.c.RatingController-home [http-nio-8080-exec-6] home finish
2020-07-17 10:54:57,198 INFO c.n.s.c.RatingController-addRatingForm [http-nio-8080-exec-8] Start / finish
2020-07-17 10:55:46,989 INFO c.n.s.c.CurveController-home [http-nio-8080-exec-10] home start
2020-07-17 10:55:47,002 INFO c.n.s.c.CurveController-home [http-nio-8080-exec-10] home finish
2020-07-17 10:55:47,925 INFO c.n.s.c.CurveController-addCurvePointForm [http-nio-8080-exec-2] addCurvePointForm start/finish
2020-07-17 10:55:51,210 INFO c.n.s.c.RatingController-home [http-nio-8080-exec-4] home start
2020-07-17 10:55:51,218 INFO c.n.s.c.RatingController-home [http-nio-8080-exec-4] home finish
2020-07-17 10:55:53,300 INFO c.n.s.c.RatingController-addRatingForm [http-nio-8080-exec-6] Start / finish
2020-07-17 10:55:55,239 INFO c.n.s.c.TradeController-home [http-nio-8080-exec-8] home start
2020-07-17 10:55:55,246 INFO c.n.s.c.TradeController-home [http-nio-8080-exec-8] home finish
2020-07-17 10:55:56,593 INFO c.n.s.c.TradeController-addUser [http-nio-8080-exec-1] start /finish
2020-07-17 10:55:58,294 INFO c.n.s.c.RuleNameController-home [http-nio-8080-exec-3] home start
2020-07-17 10:55:58,305 INFO c.n.s.c.RuleNameController-home [http-nio-8080-exec-3] home finish
2020-07-17 10:55:59,214 INFO c.n.s.c.RuleNameController-addRuleForm [http-nio-8080-exec-5] Start / finish
2020-07-17 10:56:15,249 INFO c.n.s.Application-logStarting [restartedMain] Starting Application on UC715467VW7JAV with PID 6400 (C:\Devenv\git\P7\SoftwareAcademy-P7\JavaDA_PROJECT7_RESTAPI\Poseiden-skeleton\target\classes started by S058601 in C:\Devenv\git\P7\SoftwareAcademy-P7\JavaDA_PROJECT7_RESTAPI\Poseiden-skeleton)
2020-07-17 10:56:15,319 INFO c.n.s.Application-logStartupProfileInfo [restartedMain] No active profile set, falling back to default profiles: default
2020-07-17 10:56:15,389 INFO o.s.b.d.r.ChangeableUrls-logTo [restartedMain] The Class-Path manifest attribute in C:\Users\s058601\.m2\repository\org\glassfish\jaxb\jaxb-runtime\2.3.2\jaxb-runtime-2.3.2.jar referenced one or more files that do not exist: file:/C:/Users/s058601/.m2/repository/org/glassfish/jaxb/jaxb-runtime/2.3.2/jakarta.xml.bind-api-2.3.2.jar,file:/C:/Users/s058601/.m2/repository/org/glassfish/jaxb/jaxb-runtime/2.3.2/txw2-2.3.2.jar,file:/C:/Users/s058601/.m2/repository/org/glassfish/jaxb/jaxb-runtime/2.3.2/istack-commons-runtime-3.0.8.jar,file:/C:/Users/s058601/.m2/repository/org/glassfish/jaxb/jaxb-runtime/2.3.2/stax-ex-1.8.1.jar,file:/C:/Users/s058601/.m2/repository/org/glassfish/jaxb/jaxb-runtime/2.3.2/FastInfoset-1.2.16.jar,file:/C:/Users/s058601/.m2/repository/org/glassfish/jaxb/jaxb-runtime/2.3.2/jakarta.activation-api-1.2.1.jar
2020-07-17 10:56:15,389 INFO o.s.b.d.e.DevToolsPropertyDefaultsPostProcessor-logTo [restartedMain] Devtools property defaults active! Set 'spring.devtools.add-properties' to 'false' to disable
2020-07-17 10:56:15,389 INFO o.s.b.d.e.DevToolsPropertyDefaultsPostProcessor-logTo [restartedMain] For additional web related logging consider setting the 'logging.level.web' property to 'DEBUG'
2020-07-17 10:56:16,557 INFO o.s.d.r.c.RepositoryConfigurationDelegate-registerRepositoriesIn [restartedMain] Bootstrapping Spring Data JPA repositories in DEFAULT mode.
2020-07-17 10:56:16,669 INFO o.s.d.r.c.RepositoryConfigurationDelegate-registerRepositoriesIn [restartedMain] Finished Spring Data repository scanning in 106ms. Found 6 JPA repository interfaces.
2020-07-17 10:56:16,936 INFO c.u.j.c.EnableEncryptablePropertiesBeanFactoryPostProcessor-postProcessBeanFactory [restartedMain] Post-processing PropertySource instances
2020-07-17 10:56:17,021 INFO c.u.j.EncryptablePropertySourceConverter-makeEncryptable [restartedMain] Converting PropertySource configurationProperties [org.springframework.boot.context.properties.source.ConfigurationPropertySourcesPropertySource] to AOP Proxy
2020-07-17 10:56:17,021 INFO c.u.j.EncryptablePropertySourceConverter-makeEncryptable [restartedMain] Converting PropertySource servletConfigInitParams [org.springframework.core.env.PropertySource$StubPropertySource] to EncryptablePropertySourceWrapper
2020-07-17 10:56:17,021 INFO c.u.j.EncryptablePropertySourceConverter-makeEncryptable [restartedMain] Converting PropertySource servletContextInitParams [org.springframework.core.env.PropertySource$StubPropertySource] to EncryptablePropertySourceWrapper
2020-07-17 10:56:17,021 INFO c.u.j.EncryptablePropertySourceConverter-makeEncryptable [restartedMain] Converting PropertySource systemProperties [org.springframework.core.env.PropertiesPropertySource] to EncryptableMapPropertySourceWrapper
2020-07-17 10:56:17,021 INFO c.u.j.EncryptablePropertySourceConverter-makeEncryptable [restartedMain] Converting PropertySource systemEnvironment [org.springframework.boot.env.SystemEnvironmentPropertySourceEnvironmentPostProcessor$OriginAwareSystemEnvironmentPropertySource] to EncryptableMapPropertySourceWrapper
2020-07-17 10:56:17,021 INFO c.u.j.EncryptablePropertySourceConverter-makeEncryptable [restartedMain] Converting PropertySource random [org.springframework.boot.env.RandomValuePropertySource] to EncryptablePropertySourceWrapper
2020-07-17 10:56:17,021 INFO c.u.j.EncryptablePropertySourceConverter-makeEncryptable [restartedMain] Converting PropertySource applicationConfig: [classpath:/application.properties] [org.springframework.boot.env.OriginTrackedMapPropertySource] to EncryptableMapPropertySourceWrapper
2020-07-17 10:56:17,021 INFO c.u.j.EncryptablePropertySourceConverter-makeEncryptable [restartedMain] Converting PropertySource devtools [org.springframework.core.env.MapPropertySource] to EncryptableMapPropertySourceWrapper
2020-07-17 10:56:17,161 INFO c.u.j.f.DefaultLazyPropertyFilter-lambda$null$2 [restartedMain] Property Filter custom Bean not found with name 'encryptablePropertyFilter'. Initializing Default Property Filter
2020-07-17 10:56:17,232 INFO o.s.c.s.PostProcessorRegistrationDelegate$BeanPostProcessorChecker-postProcessAfterInitialization [restartedMain] Bean 'org.springframework.security.config.annotation.configuration.ObjectPostProcessorConfiguration' of type [org.springframework.security.config.annotation.configuration.ObjectPostProcessorConfiguration] is not eligible for getting processed by all BeanPostProcessors (for example: not eligible for auto-proxying)
2020-07-17 10:56:17,232 INFO o.s.c.s.PostProcessorRegistrationDelegate$BeanPostProcessorChecker-postProcessAfterInitialization [restartedMain] Bean 'objectPostProcessor' of type [org.springframework.security.config.annotation.configuration.AutowireBeanFactoryObjectPostProcessor] is not eligible for getting processed by all BeanPostProcessors (for example: not eligible for auto-proxying)
2020-07-17 10:56:17,232 INFO o.s.c.s.PostProcessorRegistrationDelegate$BeanPostProcessorChecker-postProcessAfterInitialization [restartedMain] Bean 'org.springframework.security.access.expression.method.DefaultMethodSecurityExpressionHandler@73ffca17' of type [org.springframework.security.access.expression.method.DefaultMethodSecurityExpressionHandler] is not eligible for getting processed by all BeanPostProcessors (for example: not eligible for auto-proxying)
2020-07-17 10:56:17,232 INFO o.s.c.s.PostProcessorRegistrationDelegate$BeanPostProcessorChecker-postProcessAfterInitialization [restartedMain] Bean 'org.springframework.security.config.annotation.method.configuration.GlobalMethodSecurityConfiguration' of type [org.springframework.security.config.annotation.method.configuration.GlobalMethodSecurityConfiguration] is not eligible for getting processed by all BeanPostProcessors (for example: not eligible for auto-proxying)
2020-07-17 10:56:17,246 INFO o.s.c.s.PostProcessorRegistrationDelegate$BeanPostProcessorChecker-postProcessAfterInitialization [restartedMain] Bean 'methodSecurityMetadataSource' of type [org.springframework.security.access.method.DelegatingMethodSecurityMetadataSource] is not eligible for getting processed by all BeanPostProcessors (for example: not eligible for auto-proxying)
2020-07-17 10:56:17,330 INFO c.u.j.r.DefaultLazyPropertyResolver-lambda$null$2 [restartedMain] Property Resolver custom Bean not found with name 'encryptablePropertyResolver'. Initializing Default Property Resolver
2020-07-17 10:56:17,330 INFO c.u.j.d.DefaultLazyPropertyDetector-lambda$null$2 [restartedMain] Property Detector custom Bean not found with name 'encryptablePropertyDetector'. Initializing Default Property Detector
2020-07-17 10:56:17,625 INFO o.s.b.w.e.t.TomcatWebServer-initialize [restartedMain] Tomcat initialized with port(s): 8080 (http)
2020-07-17 10:56:17,625 INFO o.a.c.h.Http11NioProtocol-log [restartedMain] Initializing ProtocolHandler ["http-nio-8080"]
2020-07-17 10:56:17,625 INFO o.a.c.c.StandardService-log [restartedMain] Starting service [Tomcat]
2020-07-17 10:56:17,625 INFO o.a.c.c.StandardEngine-log [restartedMain] Starting Servlet engine: [Apache Tomcat/9.0.33]
2020-07-17 10:56:17,808 INFO o.a.c.c.C.[.[.[/]-log [restartedMain] Initializing Spring embedded WebApplicationContext
2020-07-17 10:56:17,808 INFO o.s.w.c.ContextLoader-prepareWebApplicationContext [restartedMain] Root WebApplicationContext: initialization completed in 2419 ms
2020-07-17 10:56:17,921 INFO c.u.j.e.DefaultLazyEncryptor-lambda$null$2 [restartedMain] String Encryptor custom Bean not found with name 'jasyptStringEncryptor'. Initializing Default String Encryptor
2020-07-17 10:56:17,935 INFO c.u.j.e.DefaultLazyEncryptor-getProperty [restartedMain] Encryptor config not found for property jasypt.encryptor.algorithm, using default value: PBEWithMD5AndDES
2020-07-17 10:56:17,935 INFO c.u.j.e.DefaultLazyEncryptor-getProperty [restartedMain] Encryptor config not found for property jasypt.encryptor.keyObtentionIterations, using default value: 1000
2020-07-17 10:56:17,935 INFO c.u.j.e.DefaultLazyEncryptor-getProperty [restartedMain] Encryptor config not found for property jasypt.encryptor.poolSize, using default value: 1
2020-07-17 10:56:17,935 INFO c.u.j.e.DefaultLazyEncryptor-getProperty [restartedMain] Encryptor config not found for property jasypt.encryptor.providerName, using default value: null
2020-07-17 10:56:17,935 INFO c.u.j.e.DefaultLazyEncryptor-getProperty [restartedMain] Encryptor config not found for property jasypt.encryptor.providerClassName, using default value: null
2020-07-17 10:56:17,935 INFO c.u.j.e.DefaultLazyEncryptor-getProperty [restartedMain] Encryptor config not found for property jasypt.encryptor.saltGeneratorClassname, using default value: org.jasypt.salt.RandomSaltGenerator
2020-07-17 10:56:17,935 INFO c.u.j.e.DefaultLazyEncryptor-getProperty [restartedMain] Encryptor config not found for property jasypt.encryptor.ivGeneratorClassname, using default value: org.jasypt.salt.NoOpIVGenerator
2020-07-17 10:56:17,935 INFO c.u.j.e.DefaultLazyEncryptor-getProperty [restartedMain] Encryptor config not found for property jasypt.encryptor.stringOutputType, using default value: base64
2020-07-17 10:56:18,033 INFO c.z.h.HikariDataSource-getConnection [restartedMain] HikariPool-1 - Starting...
2020-07-17 10:56:18,047 WARN c.z.h.u.DriverDataSource-<init> [restartedMain] Registered driver with driverClassName=com.mysql.jdbc.Driver was not found, trying direct instantiation.
2020-07-17 10:56:18,413 INFO c.z.h.HikariDataSource-getConnection [restartedMain] HikariPool-1 - Start completed.
2020-07-17 10:56:18,413 INFO o.s.b.a.h.H2ConsoleAutoConfiguration-lambda$h2Console$0 [restartedMain] H2 console available at '/h2-console'. Database available at 'jdbc:mysql://localhost:3306/demo?zeroDateTimeBehavior=CONVERT_TO_NULL&serverTimezone=Europe/Paris'
2020-07-17 10:56:18,750 INFO o.h.j.i.u.LogHelper-logPersistenceUnitInformation [restartedMain] HHH000204: Processing PersistenceUnitInfo [name: default]
2020-07-17 10:56:18,835 INFO o.h.Version-logVersion [restartedMain] HHH000412: Hibernate ORM core version 5.4.12.Final
2020-07-17 10:56:18,975 INFO o.h.a.c.Version-<clinit> [restartedMain] HCANN000001: Hibernate Commons Annotations {5.1.0.Final}
2020-07-17 10:56:19,088 INFO o.h.d.Dialect-<init> [restartedMain] HHH000400: Using dialect: org.hibernate.dialect.MySQL5InnoDBDialect
2020-07-17 10:56:19,946 INFO o.h.e.t.j.p.i.JtaPlatformInitiator-initiateService [restartedMain] HHH000490: Using JtaPlatform implementation: [org.hibernate.engine.transaction.jta.platform.internal.NoJtaPlatform]
2020-07-17 10:56:19,946 INFO o.s.o.j.LocalContainerEntityManagerFactoryBean-buildNativeEntityManagerFactory [restartedMain] Initialized JPA EntityManagerFactory for persistence unit 'default'
2020-07-17 10:56:20,002 WARN o.s.b.a.o.j.JpaBaseConfiguration$JpaWebConfiguration-openEntityManagerInViewInterceptor [restartedMain] spring.jpa.open-in-view is enabled by default. Therefore, database queries may be performed during view rendering. Explicitly configure spring.jpa.open-in-view to disable this warning
2020-07-17 10:56:20,660 INFO o.s.s.w.DefaultSecurityFilterChain-<init> [restartedMain] Creating filter chain: any request, [org.springframework.security.web.context.request.async.WebAsyncManagerIntegrationFilter@3144c427, org.springframework.security.web.context.SecurityContextPersistenceFilter@6df50b70, org.springframework.security.web.header.HeaderWriterFilter@647bbd50, org.springframework.security.web.csrf.CsrfFilter@7e28a0c3, org.springframework.security.web.authentication.logout.LogoutFilter@79449173, org.springframework.security.web.authentication.UsernamePasswordAuthenticationFilter@3fe3bbfd, org.springframework.security.web.authentication.ui.DefaultLoginPageGeneratingFilter@1cb14561, org.springframework.security.web.authentication.ui.DefaultLogoutPageGeneratingFilter@35d3c1ab, org.springframework.security.web.savedrequest.RequestCacheAwareFilter@637cd432, org.springframework.security.web.servletapi.SecurityContextHolderAwareRequestFilter@6505725d, org.springframework.security.web.authentication.AnonymousAuthenticationFilter@78091ffb, org.springframework.security.web.session.SessionManagementFilter@107f5d58, org.springframework.security.web.access.ExceptionTranslationFilter@6f3ba5c6, org.springframework.security.web.access.intercept.FilterSecurityInterceptor@28580c80]
2020-07-17 10:56:21,016 INFO o.s.s.c.ThreadPoolTaskExecutor-initialize [restartedMain] Initializing ExecutorService 'applicationTaskExecutor'
2020-07-17 10:56:21,495 INFO o.s.b.d.a.OptionalLiveReloadServer-startServer [restartedMain] LiveReload server is running on port 35729
2020-07-17 10:56:21,511 INFO o.s.b.a.e.w.EndpointLinksResolver-<init> [restartedMain] Exposing 2 endpoint(s) beneath base path '/actuator'
2020-07-17 10:56:21,604 INFO o.a.c.h.Http11NioProtocol-log [restartedMain] Starting ProtocolHandler ["http-nio-8080"]
2020-07-17 10:56:21,634 INFO o.s.b.w.e.t.TomcatWebServer-start [restartedMain] Tomcat started on port(s): 8080 (http) with context path ''
2020-07-17 10:56:21,650 INFO c.n.s.Application-logStarted [restartedMain] Started Application in 7.702 seconds (JVM running for 10.241)
2020-07-17 10:56:22,222 INFO o.a.c.c.C.[.[.[/]-log [RMI TCP Connection(1)-10.0.2.15] Initializing Spring DispatcherServlet 'dispatcherServlet'
2020-07-17 10:56:22,222 INFO o.s.w.s.DispatcherServlet-initServletBean [RMI TCP Connection(1)-10.0.2.15] Initializing Servlet 'dispatcherServlet'
2020-07-17 10:56:22,238 INFO o.s.w.s.DispatcherServlet-initServletBean [RMI TCP Connection(1)-10.0.2.15] Completed initialization in 16 ms
2020-07-17 10:57:49,613 INFO c.n.s.c.BidListController-home [http-nio-8080-exec-4] home start
2020-07-17 10:57:49,744 INFO c.n.s.c.BidListController-home [http-nio-8080-exec-4] home finish
2020-07-17 10:57:52,727 INFO c.n.s.c.BidListController-addBidForm [http-nio-8080-exec-6] start /finish
2020-07-17 10:57:57,253 INFO c.n.s.c.CurveController-home [http-nio-8080-exec-8] home start
2020-07-17 10:57:57,269 INFO c.n.s.c.CurveController-home [http-nio-8080-exec-8] home finish
2020-07-17 10:57:58,348 INFO c.n.s.c.CurveController-addCurvePointForm [http-nio-8080-exec-10] addCurvePointForm start/finish
2020-07-17 10:57:59,667 INFO c.n.s.c.TradeController-home [http-nio-8080-exec-2] home start
2020-07-17 10:57:59,677 INFO c.n.s.c.TradeController-home [http-nio-8080-exec-2] home finish
2020-07-17 10:58:00,553 INFO c.n.s.c.TradeController-addUser [http-nio-8080-exec-4] start /finish
