2020-07-06 10:19:21,385 INFO c.n.s.Application-logStarting [restartedMain] Starting Application on UC715467VW7JAV with PID 416 (C:\Devenv\git\P7\SoftwareAcademy-P7\JavaDA_PROJECT7_RESTAPI\Poseiden-skeleton\target\classes started by S058601 in C:\Devenv\git\P7\SoftwareAcademy-P7\JavaDA_PROJECT7_RESTAPI\Poseiden-skeleton)
2020-07-06 10:19:21,427 INFO c.n.s.Application-logStartupProfileInfo [restartedMain] No active profile set, falling back to default profiles: default
2020-07-06 10:19:21,563 INFO o.s.b.d.r.ChangeableUrls-logTo [restartedMain] The Class-Path manifest attribute in C:\Users\s058601\.m2\repository\org\glassfish\jaxb\jaxb-runtime\2.3.2\jaxb-runtime-2.3.2.jar referenced one or more files that do not exist: file:/C:/Users/s058601/.m2/repository/org/glassfish/jaxb/jaxb-runtime/2.3.2/jakarta.xml.bind-api-2.3.2.jar,file:/C:/Users/s058601/.m2/repository/org/glassfish/jaxb/jaxb-runtime/2.3.2/txw2-2.3.2.jar,file:/C:/Users/s058601/.m2/repository/org/glassfish/jaxb/jaxb-runtime/2.3.2/istack-commons-runtime-3.0.8.jar,file:/C:/Users/s058601/.m2/repository/org/glassfish/jaxb/jaxb-runtime/2.3.2/stax-ex-1.8.1.jar,file:/C:/Users/s058601/.m2/repository/org/glassfish/jaxb/jaxb-runtime/2.3.2/FastInfoset-1.2.16.jar,file:/C:/Users/s058601/.m2/repository/org/glassfish/jaxb/jaxb-runtime/2.3.2/jakarta.activation-api-1.2.1.jar
2020-07-06 10:19:21,566 INFO o.s.b.d.e.DevToolsPropertyDefaultsPostProcessor-logTo [restartedMain] Devtools property defaults active! Set 'spring.devtools.add-properties' to 'false' to disable
2020-07-06 10:19:21,567 INFO o.s.b.d.e.DevToolsPropertyDefaultsPostProcessor-logTo [restartedMain] For additional web related logging consider setting the 'logging.level.web' property to 'DEBUG'
2020-07-06 10:19:24,901 INFO o.s.d.r.c.RepositoryConfigurationDelegate-registerRepositoriesIn [restartedMain] Bootstrapping Spring Data JPA repositories in DEFAULT mode.
2020-07-06 10:19:25,214 INFO o.s.d.r.c.RepositoryConfigurationDelegate-registerRepositoriesIn [restartedMain] Finished Spring Data repository scanning in 279ms. Found 6 JPA repository interfaces.
2020-07-06 10:19:25,886 INFO c.u.j.c.EnableEncryptablePropertiesBeanFactoryPostProcessor-postProcessBeanFactory [restartedMain] Post-processing PropertySource instances
2020-07-06 10:19:26,105 INFO c.u.j.EncryptablePropertySourceConverter-makeEncryptable [restartedMain] Converting PropertySource configurationProperties [org.springframework.boot.context.properties.source.ConfigurationPropertySourcesPropertySource] to AOP Proxy
2020-07-06 10:19:26,105 INFO c.u.j.EncryptablePropertySourceConverter-makeEncryptable [restartedMain] Converting PropertySource servletConfigInitParams [org.springframework.core.env.PropertySource$StubPropertySource] to EncryptablePropertySourceWrapper
2020-07-06 10:19:26,105 INFO c.u.j.EncryptablePropertySourceConverter-makeEncryptable [restartedMain] Converting PropertySource servletContextInitParams [org.springframework.core.env.PropertySource$StubPropertySource] to EncryptablePropertySourceWrapper
2020-07-06 10:19:26,120 INFO c.u.j.EncryptablePropertySourceConverter-makeEncryptable [restartedMain] Converting PropertySource systemProperties [org.springframework.core.env.PropertiesPropertySource] to EncryptableMapPropertySourceWrapper
2020-07-06 10:19:26,120 INFO c.u.j.EncryptablePropertySourceConverter-makeEncryptable [restartedMain] Converting PropertySource systemEnvironment [org.springframework.boot.env.SystemEnvironmentPropertySourceEnvironmentPostProcessor$OriginAwareSystemEnvironmentPropertySource] to EncryptableMapPropertySourceWrapper
2020-07-06 10:19:26,120 INFO c.u.j.EncryptablePropertySourceConverter-makeEncryptable [restartedMain] Converting PropertySource random [org.springframework.boot.env.RandomValuePropertySource] to EncryptablePropertySourceWrapper
2020-07-06 10:19:26,120 INFO c.u.j.EncryptablePropertySourceConverter-makeEncryptable [restartedMain] Converting PropertySource applicationConfig: [classpath:/application.properties] [org.springframework.boot.env.OriginTrackedMapPropertySource] to EncryptableMapPropertySourceWrapper
2020-07-06 10:19:26,120 INFO c.u.j.EncryptablePropertySourceConverter-makeEncryptable [restartedMain] Converting PropertySource devtools [org.springframework.core.env.MapPropertySource] to EncryptableMapPropertySourceWrapper
2020-07-06 10:19:26,526 INFO c.u.j.f.DefaultLazyPropertyFilter-lambda$null$2 [restartedMain] Property Filter custom Bean not found with name 'encryptablePropertyFilter'. Initializing Default Property Filter
2020-07-06 10:19:26,698 INFO o.s.c.s.PostProcessorRegistrationDelegate$BeanPostProcessorChecker-postProcessAfterInitialization [restartedMain] Bean 'org.springframework.security.config.annotation.configuration.ObjectPostProcessorConfiguration' of type [org.springframework.security.config.annotation.configuration.ObjectPostProcessorConfiguration] is not eligible for getting processed by all BeanPostProcessors (for example: not eligible for auto-proxying)
2020-07-06 10:19:26,714 INFO o.s.c.s.PostProcessorRegistrationDelegate$BeanPostProcessorChecker-postProcessAfterInitialization [restartedMain] Bean 'objectPostProcessor' of type [org.springframework.security.config.annotation.configuration.AutowireBeanFactoryObjectPostProcessor] is not eligible for getting processed by all BeanPostProcessors (for example: not eligible for auto-proxying)
2020-07-06 10:19:26,730 INFO o.s.c.s.PostProcessorRegistrationDelegate$BeanPostProcessorChecker-postProcessAfterInitialization [restartedMain] Bean 'org.springframework.security.access.expression.method.DefaultMethodSecurityExpressionHandler@6bdc3264' of type [org.springframework.security.access.expression.method.DefaultMethodSecurityExpressionHandler] is not eligible for getting processed by all BeanPostProcessors (for example: not eligible for auto-proxying)
2020-07-06 10:19:26,730 INFO o.s.c.s.PostProcessorRegistrationDelegate$BeanPostProcessorChecker-postProcessAfterInitialization [restartedMain] Bean 'org.springframework.security.config.annotation.method.configuration.GlobalMethodSecurityConfiguration' of type [org.springframework.security.config.annotation.method.configuration.GlobalMethodSecurityConfiguration] is not eligible for getting processed by all BeanPostProcessors (for example: not eligible for auto-proxying)
2020-07-06 10:19:26,745 INFO o.s.c.s.PostProcessorRegistrationDelegate$BeanPostProcessorChecker-postProcessAfterInitialization [restartedMain] Bean 'methodSecurityMetadataSource' of type [org.springframework.security.access.method.DelegatingMethodSecurityMetadataSource] is not eligible for getting processed by all BeanPostProcessors (for example: not eligible for auto-proxying)
2020-07-06 10:19:27,073 INFO c.u.j.r.DefaultLazyPropertyResolver-lambda$null$2 [restartedMain] Property Resolver custom Bean not found with name 'encryptablePropertyResolver'. Initializing Default Property Resolver
2020-07-06 10:19:27,073 INFO c.u.j.d.DefaultLazyPropertyDetector-lambda$null$2 [restartedMain] Property Detector custom Bean not found with name 'encryptablePropertyDetector'. Initializing Default Property Detector
2020-07-06 10:19:27,933 INFO o.s.b.w.e.t.TomcatWebServer-initialize [restartedMain] Tomcat initialized with port(s): 8080 (http)
2020-07-06 10:19:28,162 INFO o.a.c.h.Http11NioProtocol-log [restartedMain] Initializing ProtocolHandler ["http-nio-8080"]
2020-07-06 10:19:28,162 INFO o.a.c.c.StandardService-log [restartedMain] Starting service [Tomcat]
2020-07-06 10:19:28,162 INFO o.a.c.c.StandardEngine-log [restartedMain] Starting Servlet engine: [Apache Tomcat/9.0.33]
2020-07-06 10:19:28,540 INFO o.a.c.c.C.[.[.[/]-log [restartedMain] Initializing Spring embedded WebApplicationContext
2020-07-06 10:19:28,540 INFO o.s.w.c.ContextLoader-prepareWebApplicationContext [restartedMain] Root WebApplicationContext: initialization completed in 6973 ms
2020-07-06 10:19:28,919 INFO c.u.j.e.DefaultLazyEncryptor-lambda$null$2 [restartedMain] String Encryptor custom Bean not found with name 'jasyptStringEncryptor'. Initializing Default String Encryptor
2020-07-06 10:19:28,953 INFO c.u.j.e.DefaultLazyEncryptor-getProperty [restartedMain] Encryptor config not found for property jasypt.encryptor.algorithm, using default value: PBEWithMD5AndDES
2020-07-06 10:19:28,953 INFO c.u.j.e.DefaultLazyEncryptor-getProperty [restartedMain] Encryptor config not found for property jasypt.encryptor.keyObtentionIterations, using default value: 1000
2020-07-06 10:19:28,953 INFO c.u.j.e.DefaultLazyEncryptor-getProperty [restartedMain] Encryptor config not found for property jasypt.encryptor.poolSize, using default value: 1
2020-07-06 10:19:28,953 INFO c.u.j.e.DefaultLazyEncryptor-getProperty [restartedMain] Encryptor config not found for property jasypt.encryptor.providerName, using default value: null
2020-07-06 10:19:28,953 INFO c.u.j.e.DefaultLazyEncryptor-getProperty [restartedMain] Encryptor config not found for property jasypt.encryptor.providerClassName, using default value: null
2020-07-06 10:19:28,953 INFO c.u.j.e.DefaultLazyEncryptor-getProperty [restartedMain] Encryptor config not found for property jasypt.encryptor.saltGeneratorClassname, using default value: org.jasypt.salt.RandomSaltGenerator
2020-07-06 10:19:28,953 INFO c.u.j.e.DefaultLazyEncryptor-getProperty [restartedMain] Encryptor config not found for property jasypt.encryptor.ivGeneratorClassname, using default value: org.jasypt.salt.NoOpIVGenerator
2020-07-06 10:19:28,953 INFO c.u.j.e.DefaultLazyEncryptor-getProperty [restartedMain] Encryptor config not found for property jasypt.encryptor.stringOutputType, using default value: base64
2020-07-06 10:19:29,228 INFO c.z.h.HikariDataSource-getConnection [restartedMain] HikariPool-1 - Starting...
2020-07-06 10:19:29,228 WARN c.z.h.u.DriverDataSource-<init> [restartedMain] Registered driver with driverClassName=com.mysql.jdbc.Driver was not found, trying direct instantiation.
2020-07-06 10:19:30,586 INFO c.z.h.HikariDataSource-getConnection [restartedMain] HikariPool-1 - Start completed.
2020-07-06 10:19:30,603 INFO o.s.b.a.h.H2ConsoleAutoConfiguration-lambda$h2Console$0 [restartedMain] H2 console available at '/h2-console'. Database available at 'jdbc:mysql://localhost:3306/demo?zeroDateTimeBehavior=CONVERT_TO_NULL&serverTimezone=Europe/Paris'
2020-07-06 10:19:31,922 INFO o.h.j.i.u.LogHelper-logPersistenceUnitInformation [restartedMain] HHH000204: Processing PersistenceUnitInfo [name: default]
2020-07-06 10:19:32,171 INFO o.h.Version-logVersion [restartedMain] HHH000412: Hibernate ORM core version 5.4.12.Final
2020-07-06 10:19:32,752 INFO o.h.a.c.Version-<clinit> [restartedMain] HCANN000001: Hibernate Commons Annotations {5.1.0.Final}
2020-07-06 10:19:33,182 INFO o.h.d.Dialect-<init> [restartedMain] HHH000400: Using dialect: org.hibernate.dialect.MySQL5InnoDBDialect
2020-07-06 10:19:35,693 INFO o.h.e.t.j.p.i.JtaPlatformInitiator-initiateService [restartedMain] HHH000490: Using JtaPlatform implementation: [org.hibernate.engine.transaction.jta.platform.internal.NoJtaPlatform]
2020-07-06 10:19:35,727 INFO o.s.o.j.LocalContainerEntityManagerFactoryBean-buildNativeEntityManagerFactory [restartedMain] Initialized JPA EntityManagerFactory for persistence unit 'default'
2020-07-06 10:19:35,882 WARN o.s.b.a.o.j.JpaBaseConfiguration$JpaWebConfiguration-openEntityManagerInViewInterceptor [restartedMain] spring.jpa.open-in-view is enabled by default. Therefore, database queries may be performed during view rendering. Explicitly configure spring.jpa.open-in-view to disable this warning
2020-07-06 10:19:37,549 INFO o.s.s.w.DefaultSecurityFilterChain-<init> [restartedMain] Creating filter chain: any request, [org.springframework.security.web.context.request.async.WebAsyncManagerIntegrationFilter@a41462a, org.springframework.security.web.context.SecurityContextPersistenceFilter@129b93d0, org.springframework.security.web.header.HeaderWriterFilter@76a27c55, org.springframework.security.web.csrf.CsrfFilter@5ecb242f, org.springframework.security.web.authentication.logout.LogoutFilter@24b39a31, org.springframework.security.web.authentication.UsernamePasswordAuthenticationFilter@61b4a261, org.springframework.security.web.authentication.ui.DefaultLoginPageGeneratingFilter@187bef75, org.springframework.security.web.authentication.ui.DefaultLogoutPageGeneratingFilter@74550f03, org.springframework.security.web.savedrequest.RequestCacheAwareFilter@268f91d2, org.springframework.security.web.servletapi.SecurityContextHolderAwareRequestFilter@18ad3e11, org.springframework.security.web.authentication.AnonymousAuthenticationFilter@741f1000, org.springframework.security.web.session.SessionManagementFilter@168c2aa2, org.springframework.security.web.access.ExceptionTranslationFilter@e9194ac, org.springframework.security.web.access.intercept.FilterSecurityInterceptor@34d0a932]
2020-07-06 10:19:38,700 INFO o.s.s.c.ThreadPoolTaskExecutor-initialize [restartedMain] Initializing ExecutorService 'applicationTaskExecutor'
2020-07-06 10:19:39,895 INFO o.s.b.d.a.OptionalLiveReloadServer-startServer [restartedMain] LiveReload server is running on port 35729
2020-07-06 10:19:39,910 INFO o.s.b.a.e.w.EndpointLinksResolver-<init> [restartedMain] Exposing 2 endpoint(s) beneath base path '/actuator'
2020-07-06 10:19:40,111 INFO o.a.c.h.Http11NioProtocol-log [restartedMain] Starting ProtocolHandler ["http-nio-8080"]
2020-07-06 10:19:40,189 INFO o.s.b.w.e.t.TomcatWebServer-start [restartedMain] Tomcat started on port(s): 8080 (http) with context path ''
2020-07-06 10:19:40,189 INFO c.n.s.Application-logStarted [restartedMain] Started Application in 19.513 seconds (JVM running for 24.331)
2020-07-06 10:19:40,839 INFO o.a.c.c.C.[.[.[/]-log [RMI TCP Connection(2)-10.0.2.15] Initializing Spring DispatcherServlet 'dispatcherServlet'
2020-07-06 10:19:40,839 INFO o.s.w.s.DispatcherServlet-initServletBean [RMI TCP Connection(2)-10.0.2.15] Initializing Servlet 'dispatcherServlet'
2020-07-06 10:19:40,869 INFO o.s.w.s.DispatcherServlet-initServletBean [RMI TCP Connection(2)-10.0.2.15] Completed initialization in 30 ms
2020-07-06 10:19:59,245 INFO c.n.s.c.CurveController-addCurvePointForm [http-nio-8080-exec-9] addCurvePointForm start/finish
2020-07-06 10:20:25,041 INFO c.n.s.c.CurveController-validate [http-nio-8080-exec-8] validate start
2020-07-06 10:20:25,888 INFO c.n.s.c.CurveController-validate [http-nio-8080-exec-8] validate finish correctly for curve ID : 1
2020-07-06 10:20:25,936 INFO c.n.s.c.CurveController-home [http-nio-8080-exec-2] home start
2020-07-06 10:20:25,983 INFO c.n.s.c.CurveController-home [http-nio-8080-exec-2] home finish
2020-07-06 10:20:40,505 INFO c.n.s.c.CurveController-showUpdateForm [http-nio-8080-exec-1] showUpdateForm start for id 74
2020-07-06 10:20:40,561 INFO c.n.s.c.CurveController-showUpdateForm [http-nio-8080-exec-1] showUpdateForm finish
2020-07-06 10:20:49,658 INFO c.n.s.c.CurveController-updateCurvePoint [http-nio-8080-exec-6] updateCurvePoint start for id 74
2020-07-06 10:20:49,734 INFO c.n.s.c.CurveController-updateCurvePoint [http-nio-8080-exec-6] updateCurvePoint finish
2020-07-06 10:20:49,757 INFO c.n.s.c.CurveController-home [http-nio-8080-exec-9] home start
2020-07-06 10:20:49,785 INFO c.n.s.c.CurveController-home [http-nio-8080-exec-9] home finish
2020-07-06 10:20:54,668 INFO c.n.s.c.CurveController-showUpdateForm [http-nio-8080-exec-8] showUpdateForm start for id 74
2020-07-06 10:20:54,691 INFO c.n.s.c.CurveController-showUpdateForm [http-nio-8080-exec-8] showUpdateForm finish
2020-07-06 10:20:59,189 INFO c.n.s.c.CurveController-updateCurvePoint [http-nio-8080-exec-3] updateCurvePoint start for id 74
2020-07-06 10:20:59,234 INFO c.n.s.c.CurveController-updateCurvePoint [http-nio-8080-exec-3] updateCurvePoint finish
2020-07-06 10:20:59,258 INFO c.n.s.c.CurveController-home [http-nio-8080-exec-7] home start
2020-07-06 10:20:59,289 INFO c.n.s.c.CurveController-home [http-nio-8080-exec-7] home finish
2020-07-06 10:21:14,739 INFO c.n.s.c.CurveController-deleteCurvePoint [http-nio-8080-exec-6] deleteCurvePoint start for id 77
2020-07-06 10:21:14,828 INFO c.n.s.c.CurveController-deleteCurvePoint [http-nio-8080-exec-6] deleteCurvePoint finish
2020-07-06 10:21:14,842 INFO c.n.s.c.CurveController-home [http-nio-8080-exec-9] home start
2020-07-06 10:21:14,867 INFO c.n.s.c.CurveController-home [http-nio-8080-exec-9] home finish
2020-07-06 10:21:28,539 INFO c.n.s.c.RatingController-home [http-nio-8080-exec-8] home start
2020-07-06 10:21:28,574 INFO c.n.s.c.RatingController-home [http-nio-8080-exec-8] home finish
2020-07-06 10:21:49,530 INFO c.n.s.c.RatingController-home [http-nio-8080-exec-7] home start
2020-07-06 10:21:49,544 INFO c.n.s.c.RatingController-home [http-nio-8080-exec-7] home finish
2020-07-06 10:22:26,910 INFO c.n.s.c.RatingController-validate [http-nio-8080-exec-4] validate start
2020-07-06 10:22:26,972 INFO c.n.s.c.RatingController-validate [http-nio-8080-exec-4] validate finish correctly for Order : 2
2020-07-06 10:22:26,997 INFO c.n.s.c.RatingController-home [http-nio-8080-exec-2] home start
2020-07-06 10:22:27,014 INFO c.n.s.c.RatingController-home [http-nio-8080-exec-2] home finish
2020-07-06 10:22:33,435 INFO c.n.s.c.RatingController-showUpdateForm [http-nio-8080-exec-7] showUpdateForm start for id 78
2020-07-06 10:22:33,450 INFO c.n.s.c.RatingController-showUpdateForm [http-nio-8080-exec-7] showUpdateForm finish
2020-07-06 10:22:39,284 INFO c.n.s.c.RatingController-updateRating [http-nio-8080-exec-6] updateRating start for id 78
2020-07-06 10:22:39,321 INFO c.n.s.c.RatingController-updateRating [http-nio-8080-exec-6] updateRating finish
2020-07-06 10:22:39,337 INFO c.n.s.c.RatingController-home [http-nio-8080-exec-9] home start
2020-07-06 10:22:39,349 INFO c.n.s.c.RatingController-home [http-nio-8080-exec-9] home finish
2020-07-06 10:22:49,511 INFO c.n.s.c.RatingController-deleteRating [http-nio-8080-exec-4] deleteRating start for id 78
2020-07-06 10:22:49,555 INFO c.n.s.c.RatingController-deleteRating [http-nio-8080-exec-4] deleteRating finish
2020-07-06 10:22:49,576 INFO c.n.s.c.RatingController-home [http-nio-8080-exec-2] home start
2020-07-06 10:22:49,591 INFO c.n.s.c.RatingController-home [http-nio-8080-exec-2] home finish
2020-07-06 10:22:55,022 INFO c.n.s.c.RatingController-showUpdateForm [http-nio-8080-exec-7] showUpdateForm start for id 76
2020-07-06 10:22:55,032 INFO c.n.s.c.RatingController-showUpdateForm [http-nio-8080-exec-7] showUpdateForm finish
2020-07-06 10:23:00,220 INFO c.n.s.c.RatingController-updateRating [http-nio-8080-exec-6] updateRating start for id 76
2020-07-06 10:23:00,265 WARN o.h.e.j.s.SqlExceptionHelper-logExceptions [http-nio-8080-exec-6] SQL Error: 1406, SQLState: 22001
2020-07-06 10:23:00,267 ERROR o.h.e.j.s.SqlExceptionHelper-logExceptions [http-nio-8080-exec-6] Data truncation: Data too long for column 'sandPRating' at row 1
2020-07-06 10:23:00,332 ERROR o.a.c.c.C.[.[.[.[dispatcherServlet]-log [http-nio-8080-exec-6] Servlet.service() for servlet [dispatcherServlet] in context with path [] threw exception [Request processing failed; nested exception is org.springframework.dao.DataIntegrityViolationException: could not execute statement; SQL [n/a]; nested exception is org.hibernate.exception.DataException: could not execute statement] with root cause
com.mysql.cj.jdbc.exceptions.MysqlDataTruncation: Data truncation: Data too long for column 'sandPRating' at row 1
	at com.mysql.cj.jdbc.exceptions.SQLExceptionsMapping.translateException(SQLExceptionsMapping.java:104) ~[mysql-connector-java-8.0.19.jar:8.0.19]
	at com.mysql.cj.jdbc.ClientPreparedStatement.executeInternal(ClientPreparedStatement.java:953) ~[mysql-connector-java-8.0.19.jar:8.0.19]
	at com.mysql.cj.jdbc.ClientPreparedStatement.executeUpdateInternal(ClientPreparedStatement.java:1092) ~[mysql-connector-java-8.0.19.jar:8.0.19]
	at com.mysql.cj.jdbc.ClientPreparedStatement.executeUpdateInternal(ClientPreparedStatement.java:1040) ~[mysql-connector-java-8.0.19.jar:8.0.19]
	at com.mysql.cj.jdbc.ClientPreparedStatement.executeLargeUpdate(ClientPreparedStatement.java:1347) ~[mysql-connector-java-8.0.19.jar:8.0.19]
	at com.mysql.cj.jdbc.ClientPreparedStatement.executeUpdate(ClientPreparedStatement.java:1025) ~[mysql-connector-java-8.0.19.jar:8.0.19]
	at com.zaxxer.hikari.pool.ProxyPreparedStatement.executeUpdate(ProxyPreparedStatement.java:61) ~[HikariCP-3.4.2.jar:?]
	at com.zaxxer.hikari.pool.HikariProxyPreparedStatement.executeUpdate(HikariProxyPreparedStatement.java) ~[HikariCP-3.4.2.jar:?]
	at org.hibernate.engine.jdbc.internal.ResultSetReturnImpl.executeUpdate(ResultSetReturnImpl.java:197) ~[hibernate-core-5.4.12.Final.jar:5.4.12.Final]
	at org.hibernate.persister.entity.AbstractEntityPersister.update(AbstractEntityPersister.java:3430) ~[hibernate-core-5.4.12.Final.jar:5.4.12.Final]
	at org.hibernate.persister.entity.AbstractEntityPersister.updateOrInsert(AbstractEntityPersister.java:3292) ~[hibernate-core-5.4.12.Final.jar:5.4.12.Final]
	at org.hibernate.persister.entity.AbstractEntityPersister.update(AbstractEntityPersister.java:3704) ~[hibernate-core-5.4.12.Final.jar:5.4.12.Final]
	at org.hibernate.action.internal.EntityUpdateAction.execute(EntityUpdateAction.java:201) ~[hibernate-core-5.4.12.Final.jar:5.4.12.Final]
	at org.hibernate.engine.spi.ActionQueue.executeActions(ActionQueue.java:604) ~[hibernate-core-5.4.12.Final.jar:5.4.12.Final]
	at org.hibernate.engine.spi.ActionQueue.lambda$executeActions$1(ActionQueue.java:478) ~[hibernate-core-5.4.12.Final.jar:5.4.12.Final]
	at java.util.LinkedHashMap.forEach(LinkedHashMap.java:684) ~[?:1.8.0_242]
	at org.hibernate.engine.spi.ActionQueue.executeActions(ActionQueue.java:475) ~[hibernate-core-5.4.12.Final.jar:5.4.12.Final]
	at org.hibernate.event.internal.AbstractFlushingEventListener.performExecutions(AbstractFlushingEventListener.java:348) ~[hibernate-core-5.4.12.Final.jar:5.4.12.Final]
	at org.hibernate.event.internal.DefaultFlushEventListener.onFlush(DefaultFlushEventListener.java:40) ~[hibernate-core-5.4.12.Final.jar:5.4.12.Final]
	at org.hibernate.event.service.internal.EventListenerGroupImpl.fireEventOnEachListener(EventListenerGroupImpl.java:102) ~[hibernate-core-5.4.12.Final.jar:5.4.12.Final]
	at org.hibernate.internal.SessionImpl.doFlush(SessionImpl.java:1352) ~[hibernate-core-5.4.12.Final.jar:5.4.12.Final]
	at org.hibernate.internal.SessionImpl.managedFlush(SessionImpl.java:443) ~[hibernate-core-5.4.12.Final.jar:5.4.12.Final]
	at org.hibernate.internal.SessionImpl.flushBeforeTransactionCompletion(SessionImpl.java:3202) ~[hibernate-core-5.4.12.Final.jar:5.4.12.Final]
	at org.hibernate.internal.SessionImpl.beforeTransactionCompletion(SessionImpl.java:2370) ~[hibernate-core-5.4.12.Final.jar:5.4.12.Final]
	at org.hibernate.engine.jdbc.internal.JdbcCoordinatorImpl.beforeTransactionCompletion(JdbcCoordinatorImpl.java:447) ~[hibernate-core-5.4.12.Final.jar:5.4.12.Final]
	at org.hibernate.resource.transaction.backend.jdbc.internal.JdbcResourceLocalTransactionCoordinatorImpl.beforeCompletionCallback(JdbcResourceLocalTransactionCoordinatorImpl.java:183) ~[hibernate-core-5.4.12.Final.jar:5.4.12.Final]
	at org.hibernate.resource.transaction.backend.jdbc.internal.JdbcResourceLocalTransactionCoordinatorImpl.access$300(JdbcResourceLocalTransactionCoordinatorImpl.java:40) ~[hibernate-core-5.4.12.Final.jar:5.4.12.Final]
	at org.hibernate.resource.transaction.backend.jdbc.internal.JdbcResourceLocalTransactionCoordinatorImpl$TransactionDriverControlImpl.commit(JdbcResourceLocalTransactionCoordinatorImpl.java:281) ~[hibernate-core-5.4.12.Final.jar:5.4.12.Final]
	at org.hibernate.engine.transaction.internal.TransactionImpl.commit(TransactionImpl.java:101) ~[hibernate-core-5.4.12.Final.jar:5.4.12.Final]
	at org.springframework.orm.jpa.JpaTransactionManager.doCommit(JpaTransactionManager.java:534) ~[spring-orm-5.2.5.RELEASE.jar:5.2.5.RELEASE]
	at org.springframework.transaction.support.AbstractPlatformTransactionManager.processCommit(AbstractPlatformTransactionManager.java:743) ~[spring-tx-5.2.5.RELEASE.jar:5.2.5.RELEASE]
	at org.springframework.transaction.support.AbstractPlatformTransactionManager.commit(AbstractPlatformTransactionManager.java:711) ~[spring-tx-5.2.5.RELEASE.jar:5.2.5.RELEASE]
	at org.springframework.transaction.interceptor.TransactionAspectSupport.commitTransactionAfterReturning(TransactionAspectSupport.java:631) ~[spring-tx-5.2.5.RELEASE.jar:5.2.5.RELEASE]
	at org.springframework.transaction.interceptor.TransactionAspectSupport.invokeWithinTransaction(TransactionAspectSupport.java:385) ~[spring-tx-5.2.5.RELEASE.jar:5.2.5.RELEASE]
	at org.springframework.transaction.interceptor.TransactionInterceptor.invoke(TransactionInterceptor.java:118) ~[spring-tx-5.2.5.RELEASE.jar:5.2.5.RELEASE]
	at org.springframework.aop.framework.ReflectiveMethodInvocation.proceed(ReflectiveMethodInvocation.java:186) ~[spring-aop-5.2.5.RELEASE.jar:5.2.5.RELEASE]
	at org.springframework.dao.support.PersistenceExceptionTranslationInterceptor.invoke(PersistenceExceptionTranslationInterceptor.java:139) ~[spring-tx-5.2.5.RELEASE.jar:5.2.5.RELEASE]
	at org.springframework.aop.framework.ReflectiveMethodInvocation.proceed(ReflectiveMethodInvocation.java:186) ~[spring-aop-5.2.5.RELEASE.jar:5.2.5.RELEASE]
	at org.springframework.data.jpa.repository.support.CrudMethodMetadataPostProcessor$CrudMethodMetadataPopulatingMethodInterceptor.invoke(CrudMethodMetadataPostProcessor.java:178) ~[spring-data-jpa-2.2.6.RELEASE.jar:2.2.6.RELEASE]
	at org.springframework.aop.framework.ReflectiveMethodInvocation.proceed(ReflectiveMethodInvocation.java:186) ~[spring-aop-5.2.5.RELEASE.jar:5.2.5.RELEASE]
	at org.springframework.aop.interceptor.ExposeInvocationInterceptor.invoke(ExposeInvocationInterceptor.java:95) ~[spring-aop-5.2.5.RELEASE.jar:5.2.5.RELEASE]
	at org.springframework.aop.framework.ReflectiveMethodInvocation.proceed(ReflectiveMethodInvocation.java:186) ~[spring-aop-5.2.5.RELEASE.jar:5.2.5.RELEASE]
	at org.springframework.aop.framework.JdkDynamicAopProxy.invoke(JdkDynamicAopProxy.java:212) ~[spring-aop-5.2.5.RELEASE.jar:5.2.5.RELEASE]
	at com.sun.proxy.$Proxy146.save(Unknown Source) ~[?:?]
	at com.nnk.springboot.controllers.RatingController.updateRating(RatingController.java:84) ~[classes/:?]
	at sun.reflect.NativeMethodAccessorImpl.invoke0(Native Method) ~[?:1.8.0_242]
	at sun.reflect.NativeMethodAccessorImpl.invoke(NativeMethodAccessorImpl.java:62) ~[?:1.8.0_242]
	at sun.reflect.DelegatingMethodAccessorImpl.invoke(DelegatingMethodAccessorImpl.java:43) ~[?:1.8.0_242]
	at java.lang.reflect.Method.invoke(Method.java:498) ~[?:1.8.0_242]
	at org.springframework.web.method.support.InvocableHandlerMethod.doInvoke(InvocableHandlerMethod.java:190) ~[spring-web-5.2.5.RELEASE.jar:5.2.5.RELEASE]
	at org.springframework.web.method.support.InvocableHandlerMethod.invokeForRequest(InvocableHandlerMethod.java:138) ~[spring-web-5.2.5.RELEASE.jar:5.2.5.RELEASE]
	at org.springframework.web.servlet.mvc.method.annotation.ServletInvocableHandlerMethod.invokeAndHandle(ServletInvocableHandlerMethod.java:105) ~[spring-webmvc-5.2.5.RELEASE.jar:5.2.5.RELEASE]
	at org.springframework.web.servlet.mvc.method.annotation.RequestMappingHandlerAdapter.invokeHandlerMethod(RequestMappingHandlerAdapter.java:879) ~[spring-webmvc-5.2.5.RELEASE.jar:5.2.5.RELEASE]
	at org.springframework.web.servlet.mvc.method.annotation.RequestMappingHandlerAdapter.handleInternal(RequestMappingHandlerAdapter.java:793) ~[spring-webmvc-5.2.5.RELEASE.jar:5.2.5.RELEASE]
	at org.springframework.web.servlet.mvc.method.AbstractHandlerMethodAdapter.handle(AbstractHandlerMethodAdapter.java:87) ~[spring-webmvc-5.2.5.RELEASE.jar:5.2.5.RELEASE]
	at org.springframework.web.servlet.DispatcherServlet.doDispatch(DispatcherServlet.java:1040) ~[spring-webmvc-5.2.5.RELEASE.jar:5.2.5.RELEASE]
	at org.springframework.web.servlet.DispatcherServlet.doService(DispatcherServlet.java:943) ~[spring-webmvc-5.2.5.RELEASE.jar:5.2.5.RELEASE]
	at org.springframework.web.servlet.FrameworkServlet.processRequest(FrameworkServlet.java:1006) ~[spring-webmvc-5.2.5.RELEASE.jar:5.2.5.RELEASE]
	at org.springframework.web.servlet.FrameworkServlet.doPost(FrameworkServlet.java:909) ~[spring-webmvc-5.2.5.RELEASE.jar:5.2.5.RELEASE]
	at javax.servlet.http.HttpServlet.service(HttpServlet.java:660) ~[tomcat-embed-core-9.0.33.jar:9.0.33]
	at org.springframework.web.servlet.FrameworkServlet.service(FrameworkServlet.java:883) ~[spring-webmvc-5.2.5.RELEASE.jar:5.2.5.RELEASE]
	at javax.servlet.http.HttpServlet.service(HttpServlet.java:741) ~[tomcat-embed-core-9.0.33.jar:9.0.33]
	at org.apache.catalina.core.ApplicationFilterChain.internalDoFilter(ApplicationFilterChain.java:231) ~[tomcat-embed-core-9.0.33.jar:9.0.33]
	at org.apache.catalina.core.ApplicationFilterChain.doFilter(ApplicationFilterChain.java:166) ~[tomcat-embed-core-9.0.33.jar:9.0.33]
	at org.apache.tomcat.websocket.server.WsFilter.doFilter(WsFilter.java:53) ~[tomcat-embed-websocket-9.0.33.jar:9.0.33]
	at org.apache.catalina.core.ApplicationFilterChain.internalDoFilter(ApplicationFilterChain.java:193) ~[tomcat-embed-core-9.0.33.jar:9.0.33]
	at org.apache.catalina.core.ApplicationFilterChain.doFilter(ApplicationFilterChain.java:166) ~[tomcat-embed-core-9.0.33.jar:9.0.33]
	at org.springframework.security.web.FilterChainProxy$VirtualFilterChain.doFilter(FilterChainProxy.java:320) ~[spring-security-web-5.2.2.RELEASE.jar:5.2.2.RELEASE]
	at org.springframework.security.web.access.intercept.FilterSecurityInterceptor.invoke(FilterSecurityInterceptor.java:126) ~[spring-security-web-5.2.2.RELEASE.jar:5.2.2.RELEASE]
	at org.springframework.security.web.access.intercept.FilterSecurityInterceptor.doFilter(FilterSecurityInterceptor.java:90) ~[spring-security-web-5.2.2.RELEASE.jar:5.2.2.RELEASE]
	at org.springframework.security.web.FilterChainProxy$VirtualFilterChain.doFilter(FilterChainProxy.java:334) ~[spring-security-web-5.2.2.RELEASE.jar:5.2.2.RELEASE]
	at org.springframework.security.web.access.ExceptionTranslationFilter.doFilter(ExceptionTranslationFilter.java:118) ~[spring-security-web-5.2.2.RELEASE.jar:5.2.2.RELEASE]
	at org.springframework.security.web.FilterChainProxy$VirtualFilterChain.doFilter(FilterChainProxy.java:334) ~[spring-security-web-5.2.2.RELEASE.jar:5.2.2.RELEASE]
	at org.springframework.security.web.session.SessionManagementFilter.doFilter(SessionManagementFilter.java:137) ~[spring-security-web-5.2.2.RELEASE.jar:5.2.2.RELEASE]
	at org.springframework.security.web.FilterChainProxy$VirtualFilterChain.doFilter(FilterChainProxy.java:334) ~[spring-security-web-5.2.2.RELEASE.jar:5.2.2.RELEASE]
	at org.springframework.security.web.authentication.AnonymousAuthenticationFilter.doFilter(AnonymousAuthenticationFilter.java:111) ~[spring-security-web-5.2.2.RELEASE.jar:5.2.2.RELEASE]
	at org.springframework.security.web.FilterChainProxy$VirtualFilterChain.doFilter(FilterChainProxy.java:334) ~[spring-security-web-5.2.2.RELEASE.jar:5.2.2.RELEASE]
	at org.springframework.security.web.servletapi.SecurityContextHolderAwareRequestFilter.doFilter(SecurityContextHolderAwareRequestFilter.java:158) ~[spring-security-web-5.2.2.RELEASE.jar:5.2.2.RELEASE]
	at org.springframework.security.web.FilterChainProxy$VirtualFilterChain.doFilter(FilterChainProxy.java:334) ~[spring-security-web-5.2.2.RELEASE.jar:5.2.2.RELEASE]
	at org.springframework.security.web.savedrequest.RequestCacheAwareFilter.doFilter(RequestCacheAwareFilter.java:63) ~[spring-security-web-5.2.2.RELEASE.jar:5.2.2.RELEASE]
	at org.springframework.security.web.FilterChainProxy$VirtualFilterChain.doFilter(FilterChainProxy.java:334) ~[spring-security-web-5.2.2.RELEASE.jar:5.2.2.RELEASE]
	at org.springframework.security.web.authentication.ui.DefaultLogoutPageGeneratingFilter.doFilterInternal(DefaultLogoutPageGeneratingFilter.java:52) ~[spring-security-web-5.2.2.RELEASE.jar:5.2.2.RELEASE]
	at org.springframework.web.filter.OncePerRequestFilter.doFilter(OncePerRequestFilter.java:119) ~[spring-web-5.2.5.RELEASE.jar:5.2.5.RELEASE]
	at org.springframework.security.web.FilterChainProxy$VirtualFilterChain.doFilter(FilterChainProxy.java:334) ~[spring-security-web-5.2.2.RELEASE.jar:5.2.2.RELEASE]
	at org.springframework.security.web.authentication.ui.DefaultLoginPageGeneratingFilter.doFilter(DefaultLoginPageGeneratingFilter.java:216) ~[spring-security-web-5.2.2.RELEASE.jar:5.2.2.RELEASE]
	at org.springframework.security.web.FilterChainProxy$VirtualFilterChain.doFilter(FilterChainProxy.java:334) ~[spring-security-web-5.2.2.RELEASE.jar:5.2.2.RELEASE]
	at org.springframework.security.web.authentication.AbstractAuthenticationProcessingFilter.doFilter(AbstractAuthenticationProcessingFilter.java:200) ~[spring-security-web-5.2.2.RELEASE.jar:5.2.2.RELEASE]
	at org.springframework.security.web.FilterChainProxy$VirtualFilterChain.doFilter(FilterChainProxy.java:334) ~[spring-security-web-5.2.2.RELEASE.jar:5.2.2.RELEASE]
	at org.springframework.security.web.authentication.logout.LogoutFilter.doFilter(LogoutFilter.java:116) ~[spring-security-web-5.2.2.RELEASE.jar:5.2.2.RELEASE]
	at org.springframework.security.web.FilterChainProxy$VirtualFilterChain.doFilter(FilterChainProxy.java:334) ~[spring-security-web-5.2.2.RELEASE.jar:5.2.2.RELEASE]
	at org.springframework.security.web.csrf.CsrfFilter.doFilterInternal(CsrfFilter.java:141) ~[spring-security-web-5.2.2.RELEASE.jar:5.2.2.RELEASE]
	at org.springframework.web.filter.OncePerRequestFilter.doFilter(OncePerRequestFilter.java:119) ~[spring-web-5.2.5.RELEASE.jar:5.2.5.RELEASE]
	at org.springframework.security.web.FilterChainProxy$VirtualFilterChain.doFilter(FilterChainProxy.java:334) ~[spring-security-web-5.2.2.RELEASE.jar:5.2.2.RELEASE]
	at org.springframework.security.web.header.HeaderWriterFilter.doHeadersAfter(HeaderWriterFilter.java:92) ~[spring-security-web-5.2.2.RELEASE.jar:5.2.2.RELEASE]
	at org.springframework.security.web.header.HeaderWriterFilter.doFilterInternal(HeaderWriterFilter.java:77) ~[spring-security-web-5.2.2.RELEASE.jar:5.2.2.RELEASE]
	at org.springframework.web.filter.OncePerRequestFilter.doFilter(OncePerRequestFilter.java:119) ~[spring-web-5.2.5.RELEASE.jar:5.2.5.RELEASE]
	at org.springframework.security.web.FilterChainProxy$VirtualFilterChain.doFilter(FilterChainProxy.java:334) ~[spring-security-web-5.2.2.RELEASE.jar:5.2.2.RELEASE]
	at org.springframework.security.web.context.SecurityContextPersistenceFilter.doFilter(SecurityContextPersistenceFilter.java:105) ~[spring-security-web-5.2.2.RELEASE.jar:5.2.2.RELEASE]
	at org.springframework.security.web.FilterChainProxy$VirtualFilterChain.doFilter(FilterChainProxy.java:334) ~[spring-security-web-5.2.2.RELEASE.jar:5.2.2.RELEASE]
	at org.springframework.security.web.context.request.async.WebAsyncManagerIntegrationFilter.doFilterInternal(WebAsyncManagerIntegrationFilter.java:56) ~[spring-security-web-5.2.2.RELEASE.jar:5.2.2.RELEASE]
	at org.springframework.web.filter.OncePerRequestFilter.doFilter(OncePerRequestFilter.java:119) ~[spring-web-5.2.5.RELEASE.jar:5.2.5.RELEASE]
	at org.springframework.security.web.FilterChainProxy$VirtualFilterChain.doFilter(FilterChainProxy.java:334) ~[spring-security-web-5.2.2.RELEASE.jar:5.2.2.RELEASE]
	at org.springframework.security.web.FilterChainProxy.doFilterInternal(FilterChainProxy.java:215) ~[spring-security-web-5.2.2.RELEASE.jar:5.2.2.RELEASE]
	at org.springframework.security.web.FilterChainProxy.doFilter(FilterChainProxy.java:178) ~[spring-security-web-5.2.2.RELEASE.jar:5.2.2.RELEASE]
	at org.springframework.web.filter.DelegatingFilterProxy.invokeDelegate(DelegatingFilterProxy.java:358) ~[spring-web-5.2.5.RELEASE.jar:5.2.5.RELEASE]
	at org.springframework.web.filter.DelegatingFilterProxy.doFilter(DelegatingFilterProxy.java:271) ~[spring-web-5.2.5.RELEASE.jar:5.2.5.RELEASE]
	at org.apache.catalina.core.ApplicationFilterChain.internalDoFilter(ApplicationFilterChain.java:193) ~[tomcat-embed-core-9.0.33.jar:9.0.33]
	at org.apache.catalina.core.ApplicationFilterChain.doFilter(ApplicationFilterChain.java:166) ~[tomcat-embed-core-9.0.33.jar:9.0.33]
	at org.springframework.web.filter.RequestContextFilter.doFilterInternal(RequestContextFilter.java:100) ~[spring-web-5.2.5.RELEASE.jar:5.2.5.RELEASE]
	at org.springframework.web.filter.OncePerRequestFilter.doFilter(OncePerRequestFilter.java:119) ~[spring-web-5.2.5.RELEASE.jar:5.2.5.RELEASE]
	at org.apache.catalina.core.ApplicationFilterChain.internalDoFilter(ApplicationFilterChain.java:193) ~[tomcat-embed-core-9.0.33.jar:9.0.33]
	at org.apache.catalina.core.ApplicationFilterChain.doFilter(ApplicationFilterChain.java:166) ~[tomcat-embed-core-9.0.33.jar:9.0.33]
	at org.springframework.web.filter.FormContentFilter.doFilterInternal(FormContentFilter.java:93) ~[spring-web-5.2.5.RELEASE.jar:5.2.5.RELEASE]
	at org.springframework.web.filter.OncePerRequestFilter.doFilter(OncePerRequestFilter.java:119) ~[spring-web-5.2.5.RELEASE.jar:5.2.5.RELEASE]
	at org.apache.catalina.core.ApplicationFilterChain.internalDoFilter(ApplicationFilterChain.java:193) ~[tomcat-embed-core-9.0.33.jar:9.0.33]
	at org.apache.catalina.core.ApplicationFilterChain.doFilter(ApplicationFilterChain.java:166) ~[tomcat-embed-core-9.0.33.jar:9.0.33]
	at org.springframework.boot.actuate.metrics.web.servlet.WebMvcMetricsFilter.doFilterInternal(WebMvcMetricsFilter.java:109) ~[spring-boot-actuator-2.2.6.RELEASE.jar:2.2.6.RELEASE]
	at org.springframework.web.filter.OncePerRequestFilter.doFilter(OncePerRequestFilter.java:119) ~[spring-web-5.2.5.RELEASE.jar:5.2.5.RELEASE]
	at org.apache.catalina.core.ApplicationFilterChain.internalDoFilter(ApplicationFilterChain.java:193) ~[tomcat-embed-core-9.0.33.jar:9.0.33]
	at org.apache.catalina.core.ApplicationFilterChain.doFilter(ApplicationFilterChain.java:166) ~[tomcat-embed-core-9.0.33.jar:9.0.33]
	at org.springframework.web.filter.CharacterEncodingFilter.doFilterInternal(CharacterEncodingFilter.java:201) ~[spring-web-5.2.5.RELEASE.jar:5.2.5.RELEASE]
	at org.springframework.web.filter.OncePerRequestFilter.doFilter(OncePerRequestFilter.java:119) ~[spring-web-5.2.5.RELEASE.jar:5.2.5.RELEASE]
	at org.apache.catalina.core.ApplicationFilterChain.internalDoFilter(ApplicationFilterChain.java:193) ~[tomcat-embed-core-9.0.33.jar:9.0.33]
	at org.apache.catalina.core.ApplicationFilterChain.doFilter(ApplicationFilterChain.java:166) ~[tomcat-embed-core-9.0.33.jar:9.0.33]
	at org.apache.catalina.core.StandardWrapperValve.invoke(StandardWrapperValve.java:202) [tomcat-embed-core-9.0.33.jar:9.0.33]
	at org.apache.catalina.core.StandardContextValve.invoke(StandardContextValve.java:96) [tomcat-embed-core-9.0.33.jar:9.0.33]
	at org.apache.catalina.authenticator.AuthenticatorBase.invoke(AuthenticatorBase.java:541) [tomcat-embed-core-9.0.33.jar:9.0.33]
	at org.apache.catalina.core.StandardHostValve.invoke(StandardHostValve.java:139) [tomcat-embed-core-9.0.33.jar:9.0.33]
	at org.apache.catalina.valves.ErrorReportValve.invoke(ErrorReportValve.java:92) [tomcat-embed-core-9.0.33.jar:9.0.33]
	at org.apache.catalina.core.StandardEngineValve.invoke(StandardEngineValve.java:74) [tomcat-embed-core-9.0.33.jar:9.0.33]
	at org.apache.catalina.connector.CoyoteAdapter.service(CoyoteAdapter.java:343) [tomcat-embed-core-9.0.33.jar:9.0.33]
	at org.apache.coyote.http11.Http11Processor.service(Http11Processor.java:373) [tomcat-embed-core-9.0.33.jar:9.0.33]
	at org.apache.coyote.AbstractProcessorLight.process(AbstractProcessorLight.java:65) [tomcat-embed-core-9.0.33.jar:9.0.33]
	at org.apache.coyote.AbstractProtocol$ConnectionHandler.process(AbstractProtocol.java:868) [tomcat-embed-core-9.0.33.jar:9.0.33]
	at org.apache.tomcat.util.net.NioEndpoint$SocketProcessor.doRun(NioEndpoint.java:1594) [tomcat-embed-core-9.0.33.jar:9.0.33]
	at org.apache.tomcat.util.net.SocketProcessorBase.run(SocketProcessorBase.java:49) [tomcat-embed-core-9.0.33.jar:9.0.33]
	at java.util.concurrent.ThreadPoolExecutor.runWorker(ThreadPoolExecutor.java:1149) [?:1.8.0_242]
	at java.util.concurrent.ThreadPoolExecutor$Worker.run(ThreadPoolExecutor.java:624) [?:1.8.0_242]
	at org.apache.tomcat.util.threads.TaskThread$WrappingRunnable.run(TaskThread.java:61) [tomcat-embed-core-9.0.33.jar:9.0.33]
	at java.lang.Thread.run(Thread.java:748) [?:1.8.0_242]
2020-07-06 10:23:06,043 INFO c.n.s.c.RatingController-showUpdateForm [http-nio-8080-exec-9] showUpdateForm start for id 76
2020-07-06 10:23:06,053 INFO c.n.s.c.RatingController-showUpdateForm [http-nio-8080-exec-9] showUpdateForm finish
2020-07-06 10:25:20,154 INFO c.n.s.c.RatingController-updateRating [http-nio-8080-exec-2] updateRating start for id 76
2020-07-06 10:25:20,174 WARN o.h.e.j.s.SqlExceptionHelper-logExceptions [http-nio-8080-exec-2] SQL Error: 1406, SQLState: 22001
2020-07-06 10:25:20,174 ERROR o.h.e.j.s.SqlExceptionHelper-logExceptions [http-nio-8080-exec-2] Data truncation: Data too long for column 'sandPRating' at row 1
2020-07-06 10:25:20,183 ERROR o.a.c.c.C.[.[.[.[dispatcherServlet]-log [http-nio-8080-exec-2] Servlet.service() for servlet [dispatcherServlet] in context with path [] threw exception [Request processing failed; nested exception is org.springframework.dao.DataIntegrityViolationException: could not execute statement; SQL [n/a]; nested exception is org.hibernate.exception.DataException: could not execute statement] with root cause
com.mysql.cj.jdbc.exceptions.MysqlDataTruncation: Data truncation: Data too long for column 'sandPRating' at row 1
	at com.mysql.cj.jdbc.exceptions.SQLExceptionsMapping.translateException(SQLExceptionsMapping.java:104) ~[mysql-connector-java-8.0.19.jar:8.0.19]
	at com.mysql.cj.jdbc.ClientPreparedStatement.executeInternal(ClientPreparedStatement.java:953) ~[mysql-connector-java-8.0.19.jar:8.0.19]
	at com.mysql.cj.jdbc.ClientPreparedStatement.executeUpdateInternal(ClientPreparedStatement.java:1092) ~[mysql-connector-java-8.0.19.jar:8.0.19]
	at com.mysql.cj.jdbc.ClientPreparedStatement.executeUpdateInternal(ClientPreparedStatement.java:1040) ~[mysql-connector-java-8.0.19.jar:8.0.19]
	at com.mysql.cj.jdbc.ClientPreparedStatement.executeLargeUpdate(ClientPreparedStatement.java:1347) ~[mysql-connector-java-8.0.19.jar:8.0.19]
	at com.mysql.cj.jdbc.ClientPreparedStatement.executeUpdate(ClientPreparedStatement.java:1025) ~[mysql-connector-java-8.0.19.jar:8.0.19]
	at com.zaxxer.hikari.pool.ProxyPreparedStatement.executeUpdate(ProxyPreparedStatement.java:61) ~[HikariCP-3.4.2.jar:?]
	at com.zaxxer.hikari.pool.HikariProxyPreparedStatement.executeUpdate(HikariProxyPreparedStatement.java) ~[HikariCP-3.4.2.jar:?]
	at org.hibernate.engine.jdbc.internal.ResultSetReturnImpl.executeUpdate(ResultSetReturnImpl.java:197) ~[hibernate-core-5.4.12.Final.jar:5.4.12.Final]
	at org.hibernate.persister.entity.AbstractEntityPersister.update(AbstractEntityPersister.java:3430) ~[hibernate-core-5.4.12.Final.jar:5.4.12.Final]
	at org.hibernate.persister.entity.AbstractEntityPersister.updateOrInsert(AbstractEntityPersister.java:3292) ~[hibernate-core-5.4.12.Final.jar:5.4.12.Final]
	at org.hibernate.persister.entity.AbstractEntityPersister.update(AbstractEntityPersister.java:3704) ~[hibernate-core-5.4.12.Final.jar:5.4.12.Final]
	at org.hibernate.action.internal.EntityUpdateAction.execute(EntityUpdateAction.java:201) ~[hibernate-core-5.4.12.Final.jar:5.4.12.Final]
	at org.hibernate.engine.spi.ActionQueue.executeActions(ActionQueue.java:604) ~[hibernate-core-5.4.12.Final.jar:5.4.12.Final]
	at org.hibernate.engine.spi.ActionQueue.lambda$executeActions$1(ActionQueue.java:478) ~[hibernate-core-5.4.12.Final.jar:5.4.12.Final]
	at java.util.LinkedHashMap.forEach(LinkedHashMap.java:684) ~[?:1.8.0_242]
	at org.hibernate.engine.spi.ActionQueue.executeActions(ActionQueue.java:475) ~[hibernate-core-5.4.12.Final.jar:5.4.12.Final]
	at org.hibernate.event.internal.AbstractFlushingEventListener.performExecutions(AbstractFlushingEventListener.java:348) ~[hibernate-core-5.4.12.Final.jar:5.4.12.Final]
	at org.hibernate.event.internal.DefaultFlushEventListener.onFlush(DefaultFlushEventListener.java:40) ~[hibernate-core-5.4.12.Final.jar:5.4.12.Final]
	at org.hibernate.event.service.internal.EventListenerGroupImpl.fireEventOnEachListener(EventListenerGroupImpl.java:102) ~[hibernate-core-5.4.12.Final.jar:5.4.12.Final]
	at org.hibernate.internal.SessionImpl.doFlush(SessionImpl.java:1352) ~[hibernate-core-5.4.12.Final.jar:5.4.12.Final]
	at org.hibernate.internal.SessionImpl.managedFlush(SessionImpl.java:443) ~[hibernate-core-5.4.12.Final.jar:5.4.12.Final]
	at org.hibernate.internal.SessionImpl.flushBeforeTransactionCompletion(SessionImpl.java:3202) ~[hibernate-core-5.4.12.Final.jar:5.4.12.Final]
	at org.hibernate.internal.SessionImpl.beforeTransactionCompletion(SessionImpl.java:2370) ~[hibernate-core-5.4.12.Final.jar:5.4.12.Final]
	at org.hibernate.engine.jdbc.internal.JdbcCoordinatorImpl.beforeTransactionCompletion(JdbcCoordinatorImpl.java:447) ~[hibernate-core-5.4.12.Final.jar:5.4.12.Final]
	at org.hibernate.resource.transaction.backend.jdbc.internal.JdbcResourceLocalTransactionCoordinatorImpl.beforeCompletionCallback(JdbcResourceLocalTransactionCoordinatorImpl.java:183) ~[hibernate-core-5.4.12.Final.jar:5.4.12.Final]
	at org.hibernate.resource.transaction.backend.jdbc.internal.JdbcResourceLocalTransactionCoordinatorImpl.access$300(JdbcResourceLocalTransactionCoordinatorImpl.java:40) ~[hibernate-core-5.4.12.Final.jar:5.4.12.Final]
	at org.hibernate.resource.transaction.backend.jdbc.internal.JdbcResourceLocalTransactionCoordinatorImpl$TransactionDriverControlImpl.commit(JdbcResourceLocalTransactionCoordinatorImpl.java:281) ~[hibernate-core-5.4.12.Final.jar:5.4.12.Final]
	at org.hibernate.engine.transaction.internal.TransactionImpl.commit(TransactionImpl.java:101) ~[hibernate-core-5.4.12.Final.jar:5.4.12.Final]
	at org.springframework.orm.jpa.JpaTransactionManager.doCommit(JpaTransactionManager.java:534) ~[spring-orm-5.2.5.RELEASE.jar:5.2.5.RELEASE]
	at org.springframework.transaction.support.AbstractPlatformTransactionManager.processCommit(AbstractPlatformTransactionManager.java:743) ~[spring-tx-5.2.5.RELEASE.jar:5.2.5.RELEASE]
	at org.springframework.transaction.support.AbstractPlatformTransactionManager.commit(AbstractPlatformTransactionManager.java:711) ~[spring-tx-5.2.5.RELEASE.jar:5.2.5.RELEASE]
	at org.springframework.transaction.interceptor.TransactionAspectSupport.commitTransactionAfterReturning(TransactionAspectSupport.java:631) ~[spring-tx-5.2.5.RELEASE.jar:5.2.5.RELEASE]
	at org.springframework.transaction.interceptor.TransactionAspectSupport.invokeWithinTransaction(TransactionAspectSupport.java:385) ~[spring-tx-5.2.5.RELEASE.jar:5.2.5.RELEASE]
	at org.springframework.transaction.interceptor.TransactionInterceptor.invoke(TransactionInterceptor.java:118) ~[spring-tx-5.2.5.RELEASE.jar:5.2.5.RELEASE]
	at org.springframework.aop.framework.ReflectiveMethodInvocation.proceed(ReflectiveMethodInvocation.java:186) ~[spring-aop-5.2.5.RELEASE.jar:5.2.5.RELEASE]
	at org.springframework.dao.support.PersistenceExceptionTranslationInterceptor.invoke(PersistenceExceptionTranslationInterceptor.java:139) ~[spring-tx-5.2.5.RELEASE.jar:5.2.5.RELEASE]
	at org.springframework.aop.framework.ReflectiveMethodInvocation.proceed(ReflectiveMethodInvocation.java:186) ~[spring-aop-5.2.5.RELEASE.jar:5.2.5.RELEASE]
	at org.springframework.data.jpa.repository.support.CrudMethodMetadataPostProcessor$CrudMethodMetadataPopulatingMethodInterceptor.invoke(CrudMethodMetadataPostProcessor.java:178) ~[spring-data-jpa-2.2.6.RELEASE.jar:2.2.6.RELEASE]
	at org.springframework.aop.framework.ReflectiveMethodInvocation.proceed(ReflectiveMethodInvocation.java:186) ~[spring-aop-5.2.5.RELEASE.jar:5.2.5.RELEASE]
	at org.springframework.aop.interceptor.ExposeInvocationInterceptor.invoke(ExposeInvocationInterceptor.java:95) ~[spring-aop-5.2.5.RELEASE.jar:5.2.5.RELEASE]
	at org.springframework.aop.framework.ReflectiveMethodInvocation.proceed(ReflectiveMethodInvocation.java:186) ~[spring-aop-5.2.5.RELEASE.jar:5.2.5.RELEASE]
	at org.springframework.aop.framework.JdkDynamicAopProxy.invoke(JdkDynamicAopProxy.java:212) ~[spring-aop-5.2.5.RELEASE.jar:5.2.5.RELEASE]
	at com.sun.proxy.$Proxy146.save(Unknown Source) ~[?:?]
	at com.nnk.springboot.controllers.RatingController.updateRating(RatingController.java:84) ~[classes/:?]
	at sun.reflect.NativeMethodAccessorImpl.invoke0(Native Method) ~[?:1.8.0_242]
	at sun.reflect.NativeMethodAccessorImpl.invoke(NativeMethodAccessorImpl.java:62) ~[?:1.8.0_242]
	at sun.reflect.DelegatingMethodAccessorImpl.invoke(DelegatingMethodAccessorImpl.java:43) ~[?:1.8.0_242]
	at java.lang.reflect.Method.invoke(Method.java:498) ~[?:1.8.0_242]
	at org.springframework.web.method.support.InvocableHandlerMethod.doInvoke(InvocableHandlerMethod.java:190) ~[spring-web-5.2.5.RELEASE.jar:5.2.5.RELEASE]
	at org.springframework.web.method.support.InvocableHandlerMethod.invokeForRequest(InvocableHandlerMethod.java:138) ~[spring-web-5.2.5.RELEASE.jar:5.2.5.RELEASE]
	at org.springframework.web.servlet.mvc.method.annotation.ServletInvocableHandlerMethod.invokeAndHandle(ServletInvocableHandlerMethod.java:105) ~[spring-webmvc-5.2.5.RELEASE.jar:5.2.5.RELEASE]
	at org.springframework.web.servlet.mvc.method.annotation.RequestMappingHandlerAdapter.invokeHandlerMethod(RequestMappingHandlerAdapter.java:879) ~[spring-webmvc-5.2.5.RELEASE.jar:5.2.5.RELEASE]
	at org.springframework.web.servlet.mvc.method.annotation.RequestMappingHandlerAdapter.handleInternal(RequestMappingHandlerAdapter.java:793) ~[spring-webmvc-5.2.5.RELEASE.jar:5.2.5.RELEASE]
	at org.springframework.web.servlet.mvc.method.AbstractHandlerMethodAdapter.handle(AbstractHandlerMethodAdapter.java:87) ~[spring-webmvc-5.2.5.RELEASE.jar:5.2.5.RELEASE]
	at org.springframework.web.servlet.DispatcherServlet.doDispatch(DispatcherServlet.java:1040) ~[spring-webmvc-5.2.5.RELEASE.jar:5.2.5.RELEASE]
	at org.springframework.web.servlet.DispatcherServlet.doService(DispatcherServlet.java:943) ~[spring-webmvc-5.2.5.RELEASE.jar:5.2.5.RELEASE]
	at org.springframework.web.servlet.FrameworkServlet.processRequest(FrameworkServlet.java:1006) ~[spring-webmvc-5.2.5.RELEASE.jar:5.2.5.RELEASE]
	at org.springframework.web.servlet.FrameworkServlet.doPost(FrameworkServlet.java:909) ~[spring-webmvc-5.2.5.RELEASE.jar:5.2.5.RELEASE]
	at javax.servlet.http.HttpServlet.service(HttpServlet.java:660) ~[tomcat-embed-core-9.0.33.jar:9.0.33]
	at org.springframework.web.servlet.FrameworkServlet.service(FrameworkServlet.java:883) ~[spring-webmvc-5.2.5.RELEASE.jar:5.2.5.RELEASE]
	at javax.servlet.http.HttpServlet.service(HttpServlet.java:741) ~[tomcat-embed-core-9.0.33.jar:9.0.33]
	at org.apache.catalina.core.ApplicationFilterChain.internalDoFilter(ApplicationFilterChain.java:231) ~[tomcat-embed-core-9.0.33.jar:9.0.33]
	at org.apache.catalina.core.ApplicationFilterChain.doFilter(ApplicationFilterChain.java:166) ~[tomcat-embed-core-9.0.33.jar:9.0.33]
	at org.apache.tomcat.websocket.server.WsFilter.doFilter(WsFilter.java:53) ~[tomcat-embed-websocket-9.0.33.jar:9.0.33]
	at org.apache.catalina.core.ApplicationFilterChain.internalDoFilter(ApplicationFilterChain.java:193) ~[tomcat-embed-core-9.0.33.jar:9.0.33]
	at org.apache.catalina.core.ApplicationFilterChain.doFilter(ApplicationFilterChain.java:166) ~[tomcat-embed-core-9.0.33.jar:9.0.33]
	at org.springframework.security.web.FilterChainProxy$VirtualFilterChain.doFilter(FilterChainProxy.java:320) ~[spring-security-web-5.2.2.RELEASE.jar:5.2.2.RELEASE]
	at org.springframework.security.web.access.intercept.FilterSecurityInterceptor.invoke(FilterSecurityInterceptor.java:126) ~[spring-security-web-5.2.2.RELEASE.jar:5.2.2.RELEASE]
	at org.springframework.security.web.access.intercept.FilterSecurityInterceptor.doFilter(FilterSecurityInterceptor.java:90) ~[spring-security-web-5.2.2.RELEASE.jar:5.2.2.RELEASE]
	at org.springframework.security.web.FilterChainProxy$VirtualFilterChain.doFilter(FilterChainProxy.java:334) ~[spring-security-web-5.2.2.RELEASE.jar:5.2.2.RELEASE]
	at org.springframework.security.web.access.ExceptionTranslationFilter.doFilter(ExceptionTranslationFilter.java:118) ~[spring-security-web-5.2.2.RELEASE.jar:5.2.2.RELEASE]
	at org.springframework.security.web.FilterChainProxy$VirtualFilterChain.doFilter(FilterChainProxy.java:334) ~[spring-security-web-5.2.2.RELEASE.jar:5.2.2.RELEASE]
	at org.springframework.security.web.session.SessionManagementFilter.doFilter(SessionManagementFilter.java:137) ~[spring-security-web-5.2.2.RELEASE.jar:5.2.2.RELEASE]
	at org.springframework.security.web.FilterChainProxy$VirtualFilterChain.doFilter(FilterChainProxy.java:334) ~[spring-security-web-5.2.2.RELEASE.jar:5.2.2.RELEASE]
	at org.springframework.security.web.authentication.AnonymousAuthenticationFilter.doFilter(AnonymousAuthenticationFilter.java:111) ~[spring-security-web-5.2.2.RELEASE.jar:5.2.2.RELEASE]
	at org.springframework.security.web.FilterChainProxy$VirtualFilterChain.doFilter(FilterChainProxy.java:334) ~[spring-security-web-5.2.2.RELEASE.jar:5.2.2.RELEASE]
	at org.springframework.security.web.servletapi.SecurityContextHolderAwareRequestFilter.doFilter(SecurityContextHolderAwareRequestFilter.java:158) ~[spring-security-web-5.2.2.RELEASE.jar:5.2.2.RELEASE]
	at org.springframework.security.web.FilterChainProxy$VirtualFilterChain.doFilter(FilterChainProxy.java:334) ~[spring-security-web-5.2.2.RELEASE.jar:5.2.2.RELEASE]
	at org.springframework.security.web.savedrequest.RequestCacheAwareFilter.doFilter(RequestCacheAwareFilter.java:63) ~[spring-security-web-5.2.2.RELEASE.jar:5.2.2.RELEASE]
	at org.springframework.security.web.FilterChainProxy$VirtualFilterChain.doFilter(FilterChainProxy.java:334) ~[spring-security-web-5.2.2.RELEASE.jar:5.2.2.RELEASE]
	at org.springframework.security.web.authentication.ui.DefaultLogoutPageGeneratingFilter.doFilterInternal(DefaultLogoutPageGeneratingFilter.java:52) ~[spring-security-web-5.2.2.RELEASE.jar:5.2.2.RELEASE]
	at org.springframework.web.filter.OncePerRequestFilter.doFilter(OncePerRequestFilter.java:119) ~[spring-web-5.2.5.RELEASE.jar:5.2.5.RELEASE]
	at org.springframework.security.web.FilterChainProxy$VirtualFilterChain.doFilter(FilterChainProxy.java:334) ~[spring-security-web-5.2.2.RELEASE.jar:5.2.2.RELEASE]
	at org.springframework.security.web.authentication.ui.DefaultLoginPageGeneratingFilter.doFilter(DefaultLoginPageGeneratingFilter.java:216) ~[spring-security-web-5.2.2.RELEASE.jar:5.2.2.RELEASE]
	at org.springframework.security.web.FilterChainProxy$VirtualFilterChain.doFilter(FilterChainProxy.java:334) ~[spring-security-web-5.2.2.RELEASE.jar:5.2.2.RELEASE]
	at org.springframework.security.web.authentication.AbstractAuthenticationProcessingFilter.doFilter(AbstractAuthenticationProcessingFilter.java:200) ~[spring-security-web-5.2.2.RELEASE.jar:5.2.2.RELEASE]
	at org.springframework.security.web.FilterChainProxy$VirtualFilterChain.doFilter(FilterChainProxy.java:334) ~[spring-security-web-5.2.2.RELEASE.jar:5.2.2.RELEASE]
	at org.springframework.security.web.authentication.logout.LogoutFilter.doFilter(LogoutFilter.java:116) ~[spring-security-web-5.2.2.RELEASE.jar:5.2.2.RELEASE]
	at org.springframework.security.web.FilterChainProxy$VirtualFilterChain.doFilter(FilterChainProxy.java:334) ~[spring-security-web-5.2.2.RELEASE.jar:5.2.2.RELEASE]
	at org.springframework.security.web.csrf.CsrfFilter.doFilterInternal(CsrfFilter.java:141) ~[spring-security-web-5.2.2.RELEASE.jar:5.2.2.RELEASE]
	at org.springframework.web.filter.OncePerRequestFilter.doFilter(OncePerRequestFilter.java:119) ~[spring-web-5.2.5.RELEASE.jar:5.2.5.RELEASE]
	at org.springframework.security.web.FilterChainProxy$VirtualFilterChain.doFilter(FilterChainProxy.java:334) ~[spring-security-web-5.2.2.RELEASE.jar:5.2.2.RELEASE]
	at org.springframework.security.web.header.HeaderWriterFilter.doHeadersAfter(HeaderWriterFilter.java:92) ~[spring-security-web-5.2.2.RELEASE.jar:5.2.2.RELEASE]
	at org.springframework.security.web.header.HeaderWriterFilter.doFilterInternal(HeaderWriterFilter.java:77) ~[spring-security-web-5.2.2.RELEASE.jar:5.2.2.RELEASE]
	at org.springframework.web.filter.OncePerRequestFilter.doFilter(OncePerRequestFilter.java:119) ~[spring-web-5.2.5.RELEASE.jar:5.2.5.RELEASE]
	at org.springframework.security.web.FilterChainProxy$VirtualFilterChain.doFilter(FilterChainProxy.java:334) ~[spring-security-web-5.2.2.RELEASE.jar:5.2.2.RELEASE]
	at org.springframework.security.web.context.SecurityContextPersistenceFilter.doFilter(SecurityContextPersistenceFilter.java:105) ~[spring-security-web-5.2.2.RELEASE.jar:5.2.2.RELEASE]
	at org.springframework.security.web.FilterChainProxy$VirtualFilterChain.doFilter(FilterChainProxy.java:334) ~[spring-security-web-5.2.2.RELEASE.jar:5.2.2.RELEASE]
	at org.springframework.security.web.context.request.async.WebAsyncManagerIntegrationFilter.doFilterInternal(WebAsyncManagerIntegrationFilter.java:56) ~[spring-security-web-5.2.2.RELEASE.jar:5.2.2.RELEASE]
	at org.springframework.web.filter.OncePerRequestFilter.doFilter(OncePerRequestFilter.java:119) ~[spring-web-5.2.5.RELEASE.jar:5.2.5.RELEASE]
	at org.springframework.security.web.FilterChainProxy$VirtualFilterChain.doFilter(FilterChainProxy.java:334) ~[spring-security-web-5.2.2.RELEASE.jar:5.2.2.RELEASE]
	at org.springframework.security.web.FilterChainProxy.doFilterInternal(FilterChainProxy.java:215) ~[spring-security-web-5.2.2.RELEASE.jar:5.2.2.RELEASE]
	at org.springframework.security.web.FilterChainProxy.doFilter(FilterChainProxy.java:178) ~[spring-security-web-5.2.2.RELEASE.jar:5.2.2.RELEASE]
	at org.springframework.web.filter.DelegatingFilterProxy.invokeDelegate(DelegatingFilterProxy.java:358) ~[spring-web-5.2.5.RELEASE.jar:5.2.5.RELEASE]
	at org.springframework.web.filter.DelegatingFilterProxy.doFilter(DelegatingFilterProxy.java:271) ~[spring-web-5.2.5.RELEASE.jar:5.2.5.RELEASE]
	at org.apache.catalina.core.ApplicationFilterChain.internalDoFilter(ApplicationFilterChain.java:193) ~[tomcat-embed-core-9.0.33.jar:9.0.33]
	at org.apache.catalina.core.ApplicationFilterChain.doFilter(ApplicationFilterChain.java:166) ~[tomcat-embed-core-9.0.33.jar:9.0.33]
	at org.springframework.web.filter.RequestContextFilter.doFilterInternal(RequestContextFilter.java:100) ~[spring-web-5.2.5.RELEASE.jar:5.2.5.RELEASE]
	at org.springframework.web.filter.OncePerRequestFilter.doFilter(OncePerRequestFilter.java:119) ~[spring-web-5.2.5.RELEASE.jar:5.2.5.RELEASE]
	at org.apache.catalina.core.ApplicationFilterChain.internalDoFilter(ApplicationFilterChain.java:193) ~[tomcat-embed-core-9.0.33.jar:9.0.33]
	at org.apache.catalina.core.ApplicationFilterChain.doFilter(ApplicationFilterChain.java:166) ~[tomcat-embed-core-9.0.33.jar:9.0.33]
	at org.springframework.web.filter.FormContentFilter.doFilterInternal(FormContentFilter.java:93) ~[spring-web-5.2.5.RELEASE.jar:5.2.5.RELEASE]
	at org.springframework.web.filter.OncePerRequestFilter.doFilter(OncePerRequestFilter.java:119) ~[spring-web-5.2.5.RELEASE.jar:5.2.5.RELEASE]
	at org.apache.catalina.core.ApplicationFilterChain.internalDoFilter(ApplicationFilterChain.java:193) ~[tomcat-embed-core-9.0.33.jar:9.0.33]
	at org.apache.catalina.core.ApplicationFilterChain.doFilter(ApplicationFilterChain.java:166) ~[tomcat-embed-core-9.0.33.jar:9.0.33]
	at org.springframework.boot.actuate.metrics.web.servlet.WebMvcMetricsFilter.doFilterInternal(WebMvcMetricsFilter.java:109) ~[spring-boot-actuator-2.2.6.RELEASE.jar:2.2.6.RELEASE]
	at org.springframework.web.filter.OncePerRequestFilter.doFilter(OncePerRequestFilter.java:119) ~[spring-web-5.2.5.RELEASE.jar:5.2.5.RELEASE]
	at org.apache.catalina.core.ApplicationFilterChain.internalDoFilter(ApplicationFilterChain.java:193) ~[tomcat-embed-core-9.0.33.jar:9.0.33]
	at org.apache.catalina.core.ApplicationFilterChain.doFilter(ApplicationFilterChain.java:166) ~[tomcat-embed-core-9.0.33.jar:9.0.33]
	at org.springframework.web.filter.CharacterEncodingFilter.doFilterInternal(CharacterEncodingFilter.java:201) ~[spring-web-5.2.5.RELEASE.jar:5.2.5.RELEASE]
	at org.springframework.web.filter.OncePerRequestFilter.doFilter(OncePerRequestFilter.java:119) ~[spring-web-5.2.5.RELEASE.jar:5.2.5.RELEASE]
	at org.apache.catalina.core.ApplicationFilterChain.internalDoFilter(ApplicationFilterChain.java:193) ~[tomcat-embed-core-9.0.33.jar:9.0.33]
	at org.apache.catalina.core.ApplicationFilterChain.doFilter(ApplicationFilterChain.java:166) ~[tomcat-embed-core-9.0.33.jar:9.0.33]
	at org.apache.catalina.core.StandardWrapperValve.invoke(StandardWrapperValve.java:202) [tomcat-embed-core-9.0.33.jar:9.0.33]
	at org.apache.catalina.core.StandardContextValve.invoke(StandardContextValve.java:96) [tomcat-embed-core-9.0.33.jar:9.0.33]
	at org.apache.catalina.authenticator.AuthenticatorBase.invoke(AuthenticatorBase.java:541) [tomcat-embed-core-9.0.33.jar:9.0.33]
	at org.apache.catalina.core.StandardHostValve.invoke(StandardHostValve.java:139) [tomcat-embed-core-9.0.33.jar:9.0.33]
	at org.apache.catalina.valves.ErrorReportValve.invoke(ErrorReportValve.java:92) [tomcat-embed-core-9.0.33.jar:9.0.33]
	at org.apache.catalina.core.StandardEngineValve.invoke(StandardEngineValve.java:74) [tomcat-embed-core-9.0.33.jar:9.0.33]
	at org.apache.catalina.connector.CoyoteAdapter.service(CoyoteAdapter.java:343) [tomcat-embed-core-9.0.33.jar:9.0.33]
	at org.apache.coyote.http11.Http11Processor.service(Http11Processor.java:373) [tomcat-embed-core-9.0.33.jar:9.0.33]
	at org.apache.coyote.AbstractProcessorLight.process(AbstractProcessorLight.java:65) [tomcat-embed-core-9.0.33.jar:9.0.33]
	at org.apache.coyote.AbstractProtocol$ConnectionHandler.process(AbstractProtocol.java:868) [tomcat-embed-core-9.0.33.jar:9.0.33]
	at org.apache.tomcat.util.net.NioEndpoint$SocketProcessor.doRun(NioEndpoint.java:1594) [tomcat-embed-core-9.0.33.jar:9.0.33]
	at org.apache.tomcat.util.net.SocketProcessorBase.run(SocketProcessorBase.java:49) [tomcat-embed-core-9.0.33.jar:9.0.33]
	at java.util.concurrent.ThreadPoolExecutor.runWorker(ThreadPoolExecutor.java:1149) [?:1.8.0_242]
	at java.util.concurrent.ThreadPoolExecutor$Worker.run(ThreadPoolExecutor.java:624) [?:1.8.0_242]
	at org.apache.tomcat.util.threads.TaskThread$WrappingRunnable.run(TaskThread.java:61) [tomcat-embed-core-9.0.33.jar:9.0.33]
	at java.lang.Thread.run(Thread.java:748) [?:1.8.0_242]
2020-07-06 10:30:55,776 INFO c.n.s.c.UserController-addUser [http-nio-8080-exec-7] addUser start/finish
2020-07-06 10:30:58,136 INFO c.n.s.c.UserController-addUser [http-nio-8080-exec-5] addUser start/finish
2020-07-06 10:31:26,916 INFO c.n.s.c.UserController-validate [http-nio-8080-exec-10] validate start
2020-07-06 10:31:26,917 ERROR c.n.s.c.UserController-validate [http-nio-8080-exec-10] validate finish with error for user : NK
2020-07-06 10:31:43,317 INFO c.n.s.c.UserController-validate [http-nio-8080-exec-2] validate start
2020-07-06 10:31:43,318 ERROR c.n.s.c.UserController-validate [http-nio-8080-exec-2] validate finish with error for user : NK
2020-07-06 10:31:53,277 INFO c.n.s.c.UserController-validate [http-nio-8080-exec-7] validate start
2020-07-06 10:31:53,279 ERROR c.n.s.c.UserController-validate [http-nio-8080-exec-7] validate finish with error for user : NK
2020-07-06 10:32:04,544 INFO c.n.s.c.UserController-validate [http-nio-8080-exec-9] validate start
2020-07-06 10:32:04,824 INFO c.n.s.c.UserController-validate [http-nio-8080-exec-9] validate finish correctly for user : NK
2020-07-06 10:32:04,843 INFO c.n.s.c.UserController-home [http-nio-8080-exec-10] home start
2020-07-06 10:32:04,854 INFO c.n.s.c.UserController-home [http-nio-8080-exec-10] home finish
2020-07-06 10:32:57,997 INFO c.n.s.c.RatingController-home [http-nio-8080-exec-7] home start
2020-07-06 10:32:58,013 INFO c.n.s.c.RatingController-home [http-nio-8080-exec-7] home finish
2020-07-06 10:32:58,747 INFO c.n.s.c.RatingController-home [http-nio-8080-exec-6] home start
2020-07-06 10:32:58,757 INFO c.n.s.c.RatingController-home [http-nio-8080-exec-6] home finish
2020-07-06 10:33:22,507 INFO c.n.s.c.CurveController-addCurvePointForm [http-nio-8080-exec-6] addCurvePointForm start/finish
2020-07-06 10:33:40,784 INFO c.n.s.c.CurveController-home [http-nio-8080-exec-4] home start
2020-07-06 10:33:40,796 INFO c.n.s.c.CurveController-home [http-nio-8080-exec-4] home finish
2020-07-06 10:34:21,503 INFO c.n.s.c.CurveController-showUpdateForm [http-nio-8080-exec-2] showUpdateForm start for id 36
2020-07-06 10:34:21,516 INFO c.n.s.c.CurveController-showUpdateForm [http-nio-8080-exec-2] showUpdateForm finish
2020-07-06 10:34:34,379 INFO c.n.s.c.CurveController-home [http-nio-8080-exec-5] home start
2020-07-06 10:34:34,398 INFO c.n.s.c.CurveController-home [http-nio-8080-exec-5] home finish
2020-07-06 10:34:44,292 INFO c.n.s.c.UserController-home [http-nio-8080-exec-10] home start
2020-07-06 10:34:44,307 INFO c.n.s.c.UserController-home [http-nio-8080-exec-10] home finish
2020-07-06 10:34:50,265 INFO c.n.s.c.UserController-home [http-nio-8080-exec-2] home start
2020-07-06 10:34:50,294 INFO c.n.s.c.UserController-home [http-nio-8080-exec-2] home finish
2020-07-06 10:35:16,954 INFO c.n.s.c.UserController-home [http-nio-8080-exec-10] home start
2020-07-06 10:35:16,967 INFO c.n.s.c.UserController-home [http-nio-8080-exec-10] home finish
2020-07-06 10:35:51,795 INFO c.n.s.c.CurveController-home [http-nio-8080-exec-8] home start
2020-07-06 10:35:51,824 INFO c.n.s.c.CurveController-home [http-nio-8080-exec-8] home finish
2020-07-06 10:36:01,650 INFO c.n.s.c.CurveController-addCurvePointForm [http-nio-8080-exec-1] addCurvePointForm start/finish
2020-07-06 10:36:03,125 INFO c.n.s.c.CurveController-home [http-nio-8080-exec-6] home start
2020-07-06 10:36:03,143 INFO c.n.s.c.CurveController-home [http-nio-8080-exec-6] home finish
2020-07-06 10:36:12,672 INFO c.n.s.c.RatingController-home [http-nio-8080-exec-4] home start
2020-07-06 10:36:12,682 INFO c.n.s.c.RatingController-home [http-nio-8080-exec-4] home finish
2020-07-06 10:36:13,436 INFO c.n.s.c.RatingController-home [http-nio-8080-exec-8] home start
2020-07-06 10:36:13,446 INFO c.n.s.c.RatingController-home [http-nio-8080-exec-8] home finish
2020-07-06 10:36:17,841 INFO c.n.s.c.RatingController-showUpdateForm [http-nio-8080-exec-7] showUpdateForm start for id 76
2020-07-06 10:36:17,848 INFO c.n.s.c.RatingController-showUpdateForm [http-nio-8080-exec-7] showUpdateForm finish
2020-07-06 10:36:19,413 INFO c.n.s.c.RatingController-home [http-nio-8080-exec-5] home start
2020-07-06 10:36:19,424 INFO c.n.s.c.RatingController-home [http-nio-8080-exec-5] home finish
